[2026-03-25T19:25:17.277+0000] {local_task_job_runner.py:123} INFO - ::group::Pre task execution logs
[2026-03-25T19:25:17.297+0000] {taskinstance.py:2614} INFO - Dependencies all met for dep_context=non-requeueable deps ti=<TaskInstance: healthcare_pipeline.run_dbt_models manual__2026-03-25T19:21:11.167812+00:00 [queued]>
[2026-03-25T19:25:17.305+0000] {taskinstance.py:2614} INFO - Dependencies all met for dep_context=requeueable deps ti=<TaskInstance: healthcare_pipeline.run_dbt_models manual__2026-03-25T19:21:11.167812+00:00 [queued]>
[2026-03-25T19:25:17.306+0000] {taskinstance.py:2867} INFO - Starting attempt 1 of 1
[2026-03-25T19:25:17.316+0000] {taskinstance.py:2890} INFO - Executing <Task(BashOperator): run_dbt_models> on 2026-03-25 19:21:11.167812+00:00
[2026-03-25T19:25:17.322+0000] {standard_task_runner.py:104} INFO - Running: ['***', 'tasks', 'run', 'healthcare_pipeline', 'run_dbt_models', 'manual__2026-03-25T19:21:11.167812+00:00', '--job-id', '6', '--raw', '--subdir', 'DAGS_FOLDER/healthcare_pipeline_dag.py', '--cfg-path', '/tmp/tmp4kna9k3z']
[2026-03-25T19:25:17.324+0000] {logging_mixin.py:190} WARNING - /home/***/.local/lib/python3.12/site-packages/***/task/task_runner/standard_task_runner.py:70 DeprecationWarning: This process (pid=241) is multi-threaded, use of fork() may lead to deadlocks in the child.
[2026-03-25T19:25:17.324+0000] {standard_task_runner.py:105} INFO - Job 6: Subtask run_dbt_models
[2026-03-25T19:25:17.324+0000] {standard_task_runner.py:72} INFO - Started process 242 to run task
[2026-03-25T19:25:17.366+0000] {task_command.py:467} INFO - Running <TaskInstance: healthcare_pipeline.run_dbt_models manual__2026-03-25T19:21:11.167812+00:00 [running]> on host 8b85d9694345
[2026-03-25T19:25:17.432+0000] {taskinstance.py:3134} INFO - Exporting env vars: AIRFLOW_CTX_DAG_OWNER='sanjay' AIRFLOW_CTX_DAG_ID='healthcare_pipeline' AIRFLOW_CTX_TASK_ID='run_dbt_models' AIRFLOW_CTX_EXECUTION_DATE='2026-03-25T19:21:11.167812+00:00' AIRFLOW_CTX_TRY_NUMBER='1' AIRFLOW_CTX_DAG_RUN_ID='manual__2026-03-25T19:21:11.167812+00:00'
[2026-03-25T19:25:17.434+0000] {taskinstance.py:732} INFO - ::endgroup::
[2026-03-25T19:25:17.458+0000] {subprocess.py:78} INFO - Tmp dir root location: /tmp
[2026-03-25T19:25:17.459+0000] {subprocess.py:88} INFO - Running command: ['/usr/bin/bash', '-c', '\n    cd /opt/project/dbt/healthcare_dbt &&     rm -rf target logs dbt_packages &&     dbt run --no-partial-parse --profiles-dir /opt/***/.dbt\n    ']
[2026-03-25T19:25:17.469+0000] {subprocess.py:99} INFO - Output:
[2026-03-25T19:25:19.882+0000] {subprocess.py:106} INFO - [0m19:25:19  Running with dbt=1.11.7
[2026-03-25T19:25:21.098+0000] {subprocess.py:106} INFO - [0m19:25:21  Registered adapter: snowflake=1.11.3
[2026-03-25T19:25:22.523+0000] {subprocess.py:106} INFO - [0m19:25:22  Found 7 models, 11 data tests, 4 sources, 522 macros
[2026-03-25T19:25:22.526+0000] {subprocess.py:106} INFO - [0m19:25:22
[2026-03-25T19:25:22.527+0000] {subprocess.py:106} INFO - [0m19:25:22  Concurrency: 4 threads (target='dev')
[2026-03-25T19:25:22.527+0000] {subprocess.py:106} INFO - [0m19:25:22
[2026-03-25T19:25:24.224+0000] {subprocess.py:106} INFO - [0m19:25:24
[2026-03-25T19:25:24.224+0000] {subprocess.py:106} INFO - [0m19:25:24  Finished running  in 0 hours 0 minutes and 1.70 seconds (1.70s).
[2026-03-25T19:25:24.225+0000] {subprocess.py:106} INFO - [0m19:25:24  Encountered an error:
[2026-03-25T19:25:24.225+0000] {subprocess.py:106} INFO - Runtime Error
[2026-03-25T19:25:24.225+0000] {subprocess.py:106} INFO -   Database error while listing schemas in database "HC_DB"
[2026-03-25T19:25:24.226+0000] {subprocess.py:106} INFO -   Database Error
[2026-03-25T19:25:24.226+0000] {subprocess.py:106} INFO -     250001 (08001): Failed to connect to DB: aoc68017.us-east-1.snowflakecomputing.com:443. Incorrect username or password was specified.
[2026-03-25T19:25:22.555+0000] {subprocess.py:110} INFO - Command exited with return code 2
[2026-03-25T19:25:22.567+0000] {taskinstance.py:3313} ERROR - Task failed with exception
Traceback (most recent call last):
  File "/home/airflow/.local/lib/python3.12/site-packages/airflow/models/taskinstance.py", line 768, in _execute_task
    result = _execute_callable(context=context, **execute_callable_kwargs)
             ^^^^^^^^^^^^^^^^^^^^^^^^^^^^^^^^^^^^^^^^^^^^^^^^^^^^^^^^^^^^^
  File "/home/airflow/.local/lib/python3.12/site-packages/airflow/models/taskinstance.py", line 734, in _execute_callable
    return ExecutionCallableRunner(
           ^^^^^^^^^^^^^^^^^^^^^^^^
  File "/home/airflow/.local/lib/python3.12/site-packages/airflow/utils/operator_helpers.py", line 252, in run
    return self.func(*args, **kwargs)
           ^^^^^^^^^^^^^^^^^^^^^^^^^^
  File "/home/airflow/.local/lib/python3.12/site-packages/airflow/models/baseoperator.py", line 424, in wrapper
    return func(self, *args, **kwargs)
           ^^^^^^^^^^^^^^^^^^^^^^^^^^^
  File "/home/airflow/.local/lib/python3.12/site-packages/airflow/operators/bash.py", line 276, in execute
    raise AirflowException(
airflow.exceptions.AirflowException: Bash command failed. The command returned a non-zero exit code 2.
[2026-03-25T19:25:22.572+0000] {taskinstance.py:1226} INFO - Marking task as FAILED. dag_id=healthcare_pipeline, task_id=run_dbt_models, run_id=manual__2026-03-25T19:21:11.167812+00:00, execution_date=20260325T192111, start_date=20260325T192517, end_date=20260325T192522
[2026-03-25T19:25:22.600+0000] {taskinstance.py:341} INFO - ::group::Post task execution logs
[2026-03-25T19:25:22.601+0000] {standard_task_runner.py:124} ERROR - Failed to execute job 6 for task run_dbt_models (Bash command failed. The command returned a non-zero exit code 2.; 242)
Traceback (most recent call last):
  File "/home/airflow/.local/lib/python3.12/site-packages/airflow/task/task_runner/standard_task_runner.py", line 117, in _start_by_fork
    ret = args.func(args, dag=self.dag)
          ^^^^^^^^^^^^^^^^^^^^^^^^^^^^^
  File "/home/airflow/.local/lib/python3.12/site-packages/airflow/cli/cli_config.py", line 49, in command
    return func(*args, **kwargs)
           ^^^^^^^^^^^^^^^^^^^^^
  File "/home/airflow/.local/lib/python3.12/site-packages/airflow/utils/cli.py", line 116, in wrapper
    return f(*args, **kwargs)
           ^^^^^^^^^^^^^^^^^^
  File "/home/airflow/.local/lib/python3.12/site-packages/airflow/cli/commands/task_command.py", line 483, in task_run
    task_return_code = _run_task_by_selected_method(args, _dag, ti)
                       ^^^^^^^^^^^^^^^^^^^^^^^^^^^^^^^^^^^^^^^^^^^^
  File "/home/airflow/.local/lib/python3.12/site-packages/airflow/cli/commands/task_command.py", line 256, in _run_task_by_selected_method
    return _run_raw_task(args, ti)
           ^^^^^^^^^^^^^^^^^^^^^^^
  File "/home/airflow/.local/lib/python3.12/site-packages/airflow/cli/commands/task_command.py", line 341, in _run_raw_task
    return ti._run_raw_task(
           ^^^^^^^^^^^^^^^^^
  File "/home/airflow/.local/lib/python3.12/site-packages/airflow/utils/session.py", line 97, in wrapper
    return func(*args, session=session, **kwargs)
           ^^^^^^^^^^^^^^^^^^^^^^^^^^^^^^^^^^^^^^
  File "/home/airflow/.local/lib/python3.12/site-packages/airflow/models/taskinstance.py", line 3006, in _run_raw_task
    return _run_raw_task(
           ^^^^^^^^^^^^^^
  File "/home/airflow/.local/lib/python3.12/site-packages/airflow/models/taskinstance.py", line 274, in _run_raw_task
    TaskInstance._execute_task_with_callbacks(
  File "/home/airflow/.local/lib/python3.12/site-packages/airflow/models/taskinstance.py", line 3161, in _execute_task_with_callbacks
    result = self._execute_task(context, task_orig)
             ^^^^^^^^^^^^^^^^^^^^^^^^^^^^^^^^^^^^^^
  File "/home/airflow/.local/lib/python3.12/site-packages/airflow/models/taskinstance.py", line 3185, in _execute_task
    return _execute_task(self, context, task_orig)
           ^^^^^^^^^^^^^^^^^^^^^^^^^^^^^^^^^^^^^^^
  File "/home/airflow/.local/lib/python3.12/site-packages/airflow/models/taskinstance.py", line 768, in _execute_task
    result = _execute_callable(context=context, **execute_callable_kwargs)
             ^^^^^^^^^^^^^^^^^^^^^^^^^^^^^^^^^^^^^^^^^^^^^^^^^^^^^^^^^^^^^
  File "/home/airflow/.local/lib/python3.12/site-packages/airflow/models/taskinstance.py", line 734, in _execute_callable
    return ExecutionCallableRunner(
           ^^^^^^^^^^^^^^^^^^^^^^^^
  File "/home/airflow/.local/lib/python3.12/site-packages/airflow/utils/operator_helpers.py", line 252, in run
    return self.func(*args, **kwargs)
           ^^^^^^^^^^^^^^^^^^^^^^^^^^
  File "/home/airflow/.local/lib/python3.12/site-packages/airflow/models/baseoperator.py", line 424, in wrapper
    return func(self, *args, **kwargs)
           ^^^^^^^^^^^^^^^^^^^^^^^^^^^
  File "/home/airflow/.local/lib/python3.12/site-packages/airflow/operators/bash.py", line 276, in execute
    raise AirflowException(
airflow.exceptions.AirflowException: Bash command failed. The command returned a non-zero exit code 2.
[2026-03-25T19:25:22.643+0000] {local_task_job_runner.py:266} INFO - Task exited with return code 1
[2026-03-25T19:25:22.665+0000] {taskinstance.py:3901} INFO - 0 downstream tasks scheduled from follow-on schedule check
[2026-03-25T19:25:22.668+0000] {local_task_job_runner.py:245} INFO - ::endgroup::
