[2026-03-27T02:23:23.979+0000] {local_task_job_runner.py:123} INFO - ::group::Pre task execution logs
[2026-03-27T02:23:24.012+0000] {taskinstance.py:2614} INFO - Dependencies all met for dep_context=non-requeueable deps ti=<TaskInstance: healthcare_pipeline.run_dbt_models manual__2026-03-27T02:17:02.800819+00:00 [queued]>
[2026-03-27T02:23:24.021+0000] {taskinstance.py:2614} INFO - Dependencies all met for dep_context=requeueable deps ti=<TaskInstance: healthcare_pipeline.run_dbt_models manual__2026-03-27T02:17:02.800819+00:00 [queued]>
[2026-03-27T02:23:24.022+0000] {taskinstance.py:2867} INFO - Starting attempt 1 of 1
[2026-03-27T02:23:24.033+0000] {taskinstance.py:2890} INFO - Executing <Task(BashOperator): run_dbt_models> on 2026-03-27 02:17:02.800819+00:00
[2026-03-27T02:23:24.039+0000] {standard_task_runner.py:104} INFO - Running: ['***', 'tasks', 'run', 'healthcare_pipeline', 'run_dbt_models', 'manual__2026-03-27T02:17:02.800819+00:00', '--job-id', '6', '--raw', '--subdir', 'DAGS_FOLDER/healthcare_pipeline_dag.py', '--cfg-path', '/tmp/tmp91nrdqy9']
[2026-03-27T02:23:24.041+0000] {standard_task_runner.py:105} INFO - Job 6: Subtask run_dbt_models
[2026-03-27T02:23:24.041+0000] {logging_mixin.py:190} WARNING - /home/***/.local/lib/python3.12/site-packages/***/task/task_runner/standard_task_runner.py:70 DeprecationWarning: This process (pid=1092) is multi-threaded, use of fork() may lead to deadlocks in the child.
[2026-03-27T02:23:24.042+0000] {standard_task_runner.py:72} INFO - Started process 1093 to run task
[2026-03-27T02:23:24.082+0000] {task_command.py:467} INFO - Running <TaskInstance: healthcare_pipeline.run_dbt_models manual__2026-03-27T02:17:02.800819+00:00 [running]> on host e30035825e52
[2026-03-27T02:23:24.150+0000] {taskinstance.py:3134} INFO - Exporting env vars: AIRFLOW_CTX_DAG_OWNER='sanjay' AIRFLOW_CTX_DAG_ID='healthcare_pipeline' AIRFLOW_CTX_TASK_ID='run_dbt_models' AIRFLOW_CTX_EXECUTION_DATE='2026-03-27T02:17:02.800819+00:00' AIRFLOW_CTX_TRY_NUMBER='1' AIRFLOW_CTX_DAG_RUN_ID='manual__2026-03-27T02:17:02.800819+00:00'
[2026-03-27T02:23:24.155+0000] {logging_mixin.py:190} WARNING - /home/***/.local/lib/python3.12/site-packages/***/providers/openlineage/utils/utils.py:284 AirflowProviderDeprecationWarning: Call to deprecated class UnknownOperatorAttributeRunFacet. (To be removed in the next release. Make sure to use information from AirflowRunFacet instead.)
[2026-03-27T02:23:24.157+0000] {logging_mixin.py:190} WARNING - /home/***/.local/lib/python3.12/site-packages/***/providers/openlineage/plugins/adapter.py:81 DeprecationWarning: Using `from_dict` to set transport is deprecated. Use `config` parameter to fully configure OpenLineageClient.
[2026-03-27T02:23:24.158+0000] {client.py:110} INFO - OpenLineageClient will use `http` transport
[2026-03-27T02:23:24.200+0000] {taskinstance.py:732} INFO - ::endgroup::
[2026-03-27T02:23:24.214+0000] {subprocess.py:78} INFO - Tmp dir root location: /tmp
[2026-03-27T02:23:24.215+0000] {subprocess.py:88} INFO - Running command: ['/usr/bin/bash', '-c', '\n        docker exec dbt dbt run         --project-dir /usr/app/dbt/healthcare_dbt         --profiles-dir /usr/app/***/dbt_profiles\n        ']
[2026-03-27T02:23:24.224+0000] {subprocess.py:99} INFO - Output:
[2026-03-27T02:23:26.264+0000] {subprocess.py:106} INFO - [0m02:23:26  Running with dbt=1.11.7
[2026-03-27T02:23:26.798+0000] {subprocess.py:106} INFO - [0m02:23:26  Registered adapter: snowflake=1.11.3
[2026-03-27T02:23:27.182+0000] {subprocess.py:106} INFO - [0m02:23:27  Found 7 models, 11 data tests, 4 sources, 522 macros
[2026-03-27T02:23:27.183+0000] {subprocess.py:106} INFO - [0m02:23:27
[2026-03-27T02:23:27.183+0000] {subprocess.py:106} INFO - [0m02:23:27  Concurrency: 4 threads (target='dev')
[2026-03-27T02:23:27.184+0000] {subprocess.py:106} INFO - [0m02:23:27
[2026-03-27T02:23:37.126+0000] {subprocess.py:106} INFO - [0m02:23:37  1 of 7 START sql view model RAW_STAGING.stg_conditions ......................... [RUN]
[2026-03-27T02:23:37.126+0000] {subprocess.py:106} INFO - [0m02:23:37  2 of 7 START sql view model RAW_STAGING.stg_encounters ......................... [RUN]
[2026-03-27T02:23:37.127+0000] {subprocess.py:106} INFO - [0m02:23:37  3 of 7 START sql view model RAW_STAGING.stg_observations ....................... [RUN]
[2026-03-27T02:23:37.127+0000] {subprocess.py:106} INFO - [0m02:23:37  4 of 7 START sql view model RAW_STAGING.stg_patients ........................... [RUN]
[2026-03-27T02:23:37.559+0000] {subprocess.py:106} INFO - [0m02:23:37  1 of 7 OK created sql view model RAW_STAGING.stg_conditions .................... [[32mSUCCESS 1[0m in 0.42s]
[2026-03-27T02:23:37.561+0000] {subprocess.py:106} INFO - [0m02:23:37  5 of 7 START sql table model RAW_MARTS.mart_condition_prevalence ............... [RUN]
[2026-03-27T02:23:37.619+0000] {subprocess.py:106} INFO - [0m02:23:37  2 of 7 OK created sql view model RAW_STAGING.stg_encounters .................... [[32mSUCCESS 1[0m in 0.49s]
[2026-03-27T02:23:37.955+0000] {subprocess.py:106} INFO - [0m02:23:37  4 of 7 OK created sql view model RAW_STAGING.stg_patients ...................... [[32mSUCCESS 1[0m in 0.82s]
[2026-03-27T02:23:37.956+0000] {subprocess.py:106} INFO - [0m02:23:37  6 of 7 START sql table model RAW_MARTS.mart_patient_utilization ................ [RUN]
[2026-03-27T02:23:38.610+0000] {subprocess.py:106} INFO - [0m02:23:38  3 of 7 OK created sql view model RAW_STAGING.stg_observations .................. [[32mSUCCESS 1[0m in 1.48s]
[2026-03-27T02:23:38.611+0000] {subprocess.py:106} INFO - [0m02:23:38  7 of 7 START sql table model RAW_MARTS.mart_patient_clinical_summary ........... [RUN]
[2026-03-27T02:23:38.744+0000] {subprocess.py:106} INFO - [0m02:23:38  5 of 7 OK created sql table model RAW_MARTS.mart_condition_prevalence .......... [[32mSUCCESS 223[0m in 1.18s]
[2026-03-27T02:23:39.384+0000] {subprocess.py:106} INFO - [0m02:23:39  6 of 7 OK created sql table model RAW_MARTS.mart_patient_utilization ........... [[32mSUCCESS 229[0m in 1.43s]
[2026-03-27T02:23:40.212+0000] {subprocess.py:106} INFO - [0m02:23:40  7 of 7 OK created sql table model RAW_MARTS.mart_patient_clinical_summary ...... [[32mSUCCESS 229[0m in 1.60s]
[2026-03-27T02:23:41.066+0000] {subprocess.py:106} INFO - [0m02:23:41
[2026-03-27T02:23:41.067+0000] {subprocess.py:106} INFO - [0m02:23:41  Finished running 3 table models, 4 view models in 0 hours 0 minutes and 13.88 seconds (13.88s).
[2026-03-27T02:23:41.536+0000] {subprocess.py:106} INFO - [0m02:23:41
[2026-03-27T02:23:41.537+0000] {subprocess.py:106} INFO - [0m02:23:41  [32mCompleted successfully[0m
[2026-03-27T02:23:41.537+0000] {subprocess.py:106} INFO - [0m02:23:41
[2026-03-27T02:23:41.538+0000] {subprocess.py:106} INFO - [0m02:23:41  Done. PASS=7 WARN=0 ERROR=0 SKIP=0 NO-OP=0 TOTAL=7
[2026-03-27T02:23:42.383+0000] {subprocess.py:110} INFO - Command exited with return code 0
[2026-03-27T02:23:42.403+0000] {taskinstance.py:341} INFO - ::group::Post task execution logs
[2026-03-27T02:23:42.404+0000] {taskinstance.py:353} INFO - Marking task as SUCCESS. dag_id=healthcare_pipeline, task_id=run_dbt_models, run_id=manual__2026-03-27T02:17:02.800819+00:00, execution_date=20260327T021702, start_date=20260327T022324, end_date=20260327T022342
[2026-03-27T02:23:42.516+0000] {local_task_job_runner.py:266} INFO - Task exited with return code 0
[2026-03-27T02:23:42.534+0000] {taskinstance.py:3901} INFO - 1 downstream tasks scheduled from follow-on schedule check
[2026-03-27T02:23:42.536+0000] {local_task_job_runner.py:245} INFO - ::endgroup::
