[2026-03-27T02:17:49.154+0000] {local_task_job_runner.py:123} INFO - ::group::Pre task execution logs
[2026-03-27T02:17:49.171+0000] {taskinstance.py:2614} INFO - Dependencies all met for dep_context=non-requeueable deps ti=<TaskInstance: healthcare_pipeline.consume_encounter_events manual__2026-03-27T02:17:02.800819+00:00 [queued]>
[2026-03-27T02:17:49.178+0000] {taskinstance.py:2614} INFO - Dependencies all met for dep_context=requeueable deps ti=<TaskInstance: healthcare_pipeline.consume_encounter_events manual__2026-03-27T02:17:02.800819+00:00 [queued]>
[2026-03-27T02:17:49.179+0000] {taskinstance.py:2867} INFO - Starting attempt 1 of 1
[2026-03-27T02:17:49.189+0000] {taskinstance.py:2890} INFO - Executing <Task(BashOperator): consume_encounter_events> on 2026-03-27 02:17:02.800819+00:00
[2026-03-27T02:17:49.197+0000] {logging_mixin.py:190} WARNING - /home/***/.local/lib/python3.12/site-packages/***/task/task_runner/standard_task_runner.py:70 DeprecationWarning: This process (pid=243) is multi-threaded, use of fork() may lead to deadlocks in the child.
[2026-03-27T02:17:49.195+0000] {standard_task_runner.py:104} INFO - Running: ['***', 'tasks', 'run', 'healthcare_pipeline', 'consume_encounter_events', 'manual__2026-03-27T02:17:02.800819+00:00', '--job-id', '3', '--raw', '--subdir', 'DAGS_FOLDER/healthcare_pipeline_dag.py', '--cfg-path', '/tmp/tmplnu5zukn']
[2026-03-27T02:17:49.197+0000] {standard_task_runner.py:72} INFO - Started process 244 to run task
[2026-03-27T02:17:49.198+0000] {standard_task_runner.py:105} INFO - Job 3: Subtask consume_encounter_events
[2026-03-27T02:17:49.232+0000] {task_command.py:467} INFO - Running <TaskInstance: healthcare_pipeline.consume_encounter_events manual__2026-03-27T02:17:02.800819+00:00 [running]> on host e30035825e52
[2026-03-27T02:17:49.286+0000] {taskinstance.py:3134} INFO - Exporting env vars: AIRFLOW_CTX_DAG_OWNER='sanjay' AIRFLOW_CTX_DAG_ID='healthcare_pipeline' AIRFLOW_CTX_TASK_ID='consume_encounter_events' AIRFLOW_CTX_EXECUTION_DATE='2026-03-27T02:17:02.800819+00:00' AIRFLOW_CTX_TRY_NUMBER='1' AIRFLOW_CTX_DAG_RUN_ID='manual__2026-03-27T02:17:02.800819+00:00'
[2026-03-27T02:17:49.290+0000] {logging_mixin.py:190} WARNING - /home/***/.local/lib/python3.12/site-packages/***/providers/openlineage/utils/utils.py:284 AirflowProviderDeprecationWarning: Call to deprecated class UnknownOperatorAttributeRunFacet. (To be removed in the next release. Make sure to use information from AirflowRunFacet instead.)
[2026-03-27T02:17:49.292+0000] {logging_mixin.py:190} WARNING - /home/***/.local/lib/python3.12/site-packages/***/providers/openlineage/plugins/adapter.py:81 DeprecationWarning: Using `from_dict` to set transport is deprecated. Use `config` parameter to fully configure OpenLineageClient.
[2026-03-27T02:17:49.294+0000] {client.py:110} INFO - OpenLineageClient will use `http` transport
[2026-03-27T02:17:49.356+0000] {taskinstance.py:732} INFO - ::endgroup::
[2026-03-27T02:17:49.369+0000] {subprocess.py:78} INFO - Tmp dir root location: /tmp
[2026-03-27T02:17:49.371+0000] {subprocess.py:88} INFO - Running command: ['/usr/bin/bash', '-c', '\n        cd /opt/project/pyspark &&         timeout 60 python stream_encounters_from_kafka.py\n        ']
[2026-03-27T02:17:49.387+0000] {subprocess.py:99} INFO - Output:
[2026-03-27T02:17:49.916+0000] {subprocess.py:106} INFO - /home/***/.local/lib/python3.12/site-packages/pyspark/bin/load-spark-env.sh: line 68: ps: command not found
[2026-03-27T02:17:51.853+0000] {subprocess.py:106} INFO - :: loading settings :: url = jar:file:/home/***/.local/lib/python3.12/site-packages/pyspark/jars/ivy-2.5.1.jar!/org/apache/ivy/core/settings/ivysettings.xml
[2026-03-27T02:17:51.958+0000] {subprocess.py:106} INFO - Ivy Default Cache set to: /home/***/.ivy2/cache
[2026-03-27T02:17:51.959+0000] {subprocess.py:106} INFO - The jars for the packages stored in: /home/***/.ivy2/jars
[2026-03-27T02:17:51.962+0000] {subprocess.py:106} INFO - org.apache.spark#spark-sql-kafka-0-10_2.12 added as a dependency
[2026-03-27T02:17:51.963+0000] {subprocess.py:106} INFO - :: resolving dependencies :: org.apache.spark#spark-submit-parent-9dec8679-ee5f-4dde-98bb-36943655e2cf;1.0
[2026-03-27T02:17:51.964+0000] {subprocess.py:106} INFO - 	confs: [default]
[2026-03-27T02:17:54.101+0000] {subprocess.py:106} INFO - 	found org.apache.spark#spark-sql-kafka-0-10_2.12;3.5.1 in central
[2026-03-27T02:17:54.607+0000] {subprocess.py:106} INFO - 	found org.apache.spark#spark-token-provider-kafka-0-10_2.12;3.5.1 in central
[2026-03-27T02:17:54.868+0000] {subprocess.py:106} INFO - 	found org.apache.kafka#kafka-clients;3.4.1 in central
[2026-03-27T02:17:55.101+0000] {subprocess.py:106} INFO - 	found org.lz4#lz4-java;1.8.0 in central
[2026-03-27T02:17:55.366+0000] {subprocess.py:106} INFO - 	found org.xerial.snappy#snappy-java;1.1.10.3 in central
[2026-03-27T02:17:56.165+0000] {subprocess.py:106} INFO - 	found org.slf4j#slf4j-api;2.0.7 in central
[2026-03-27T02:17:57.109+0000] {subprocess.py:106} INFO - 	found org.apache.hadoop#hadoop-client-runtime;3.3.4 in central
[2026-03-27T02:17:57.323+0000] {subprocess.py:106} INFO - 	found org.apache.hadoop#hadoop-client-api;3.3.4 in central
[2026-03-27T02:17:58.284+0000] {subprocess.py:106} INFO - 	found commons-logging#commons-logging;1.1.3 in central
[2026-03-27T02:17:58.436+0000] {subprocess.py:106} INFO - 	found com.google.code.findbugs#jsr305;3.0.0 in central
[2026-03-27T02:17:59.475+0000] {subprocess.py:106} INFO - 	found org.apache.commons#commons-pool2;2.11.1 in central
[2026-03-27T02:17:59.543+0000] {subprocess.py:106} INFO - downloading https://repo1.maven.org/maven2/org/apache/spark/spark-sql-kafka-0-10_2.12/3.5.1/spark-sql-kafka-0-10_2.12-3.5.1.jar ...
[2026-03-27T02:17:59.750+0000] {subprocess.py:106} INFO - 	[SUCCESSFUL ] org.apache.spark#spark-sql-kafka-0-10_2.12;3.5.1!spark-sql-kafka-0-10_2.12.jar (270ms)
[2026-03-27T02:17:59.810+0000] {subprocess.py:106} INFO - downloading https://repo1.maven.org/maven2/org/apache/spark/spark-token-provider-kafka-0-10_2.12/3.5.1/spark-token-provider-kafka-0-10_2.12-3.5.1.jar ...
[2026-03-27T02:17:59.861+0000] {subprocess.py:106} INFO - 	[SUCCESSFUL ] org.apache.spark#spark-token-provider-kafka-0-10_2.12;3.5.1!spark-token-provider-kafka-0-10_2.12.jar (109ms)
[2026-03-27T02:17:59.919+0000] {subprocess.py:106} INFO - downloading https://repo1.maven.org/maven2/org/apache/kafka/kafka-clients/3.4.1/kafka-clients-3.4.1.jar ...
[2026-03-27T02:18:00.385+0000] {subprocess.py:106} INFO - 	[SUCCESSFUL ] org.apache.kafka#kafka-clients;3.4.1!kafka-clients.jar (523ms)
[2026-03-27T02:18:00.433+0000] {subprocess.py:106} INFO - downloading https://repo1.maven.org/maven2/com/google/code/findbugs/jsr305/3.0.0/jsr305-3.0.0.jar ...
[2026-03-27T02:18:00.489+0000] {subprocess.py:106} INFO - 	[SUCCESSFUL ] com.google.code.findbugs#jsr305;3.0.0!jsr305.jar (104ms)
[2026-03-27T02:18:00.555+0000] {subprocess.py:106} INFO - downloading https://repo1.maven.org/maven2/org/apache/commons/commons-pool2/2.11.1/commons-pool2-2.11.1.jar ...
[2026-03-27T02:18:00.618+0000] {subprocess.py:106} INFO - 	[SUCCESSFUL ] org.apache.commons#commons-pool2;2.11.1!commons-pool2.jar (129ms)
[2026-03-27T02:18:00.681+0000] {subprocess.py:106} INFO - downloading https://repo1.maven.org/maven2/org/apache/hadoop/hadoop-client-runtime/3.3.4/hadoop-client-runtime-3.3.4.jar ...
[2026-03-27T02:18:01.981+0000] {subprocess.py:106} INFO - 	[SUCCESSFUL ] org.apache.hadoop#hadoop-client-runtime;3.3.4!hadoop-client-runtime.jar (1361ms)
[2026-03-27T02:18:02.033+0000] {subprocess.py:106} INFO - downloading https://repo1.maven.org/maven2/org/lz4/lz4-java/1.8.0/lz4-java-1.8.0.jar ...
[2026-03-27T02:18:02.108+0000] {subprocess.py:106} INFO - 	[SUCCESSFUL ] org.lz4#lz4-java;1.8.0!lz4-java.jar (127ms)
[2026-03-27T02:18:02.164+0000] {subprocess.py:106} INFO - downloading https://repo1.maven.org/maven2/org/xerial/snappy/snappy-java/1.1.10.3/snappy-java-1.1.10.3.jar ...
[2026-03-27T02:18:02.298+0000] {subprocess.py:106} INFO - 	[SUCCESSFUL ] org.xerial.snappy#snappy-java;1.1.10.3!snappy-java.jar(bundle) (187ms)
[2026-03-27T02:18:02.348+0000] {subprocess.py:106} INFO - downloading https://repo1.maven.org/maven2/org/slf4j/slf4j-api/2.0.7/slf4j-api-2.0.7.jar ...
[2026-03-27T02:18:02.394+0000] {subprocess.py:106} INFO - 	[SUCCESSFUL ] org.slf4j#slf4j-api;2.0.7!slf4j-api.jar (96ms)
[2026-03-27T02:18:02.440+0000] {subprocess.py:106} INFO - downloading https://repo1.maven.org/maven2/org/apache/hadoop/hadoop-client-api/3.3.4/hadoop-client-api-3.3.4.jar ...
[2026-03-27T02:18:04.316+0000] {subprocess.py:106} INFO - 	[SUCCESSFUL ] org.apache.hadoop#hadoop-client-api;3.3.4!hadoop-client-api.jar (1920ms)
[2026-03-27T02:18:04.367+0000] {subprocess.py:106} INFO - downloading https://repo1.maven.org/maven2/commons-logging/commons-logging/1.1.3/commons-logging-1.1.3.jar ...
[2026-03-27T02:18:04.418+0000] {subprocess.py:106} INFO - 	[SUCCESSFUL ] commons-logging#commons-logging;1.1.3!commons-logging.jar (102ms)
[2026-03-27T02:18:04.419+0000] {subprocess.py:106} INFO - :: resolution report :: resolve 7517ms :: artifacts dl 4939ms
[2026-03-27T02:18:04.420+0000] {subprocess.py:106} INFO - 	:: modules in use:
[2026-03-27T02:18:04.420+0000] {subprocess.py:106} INFO - 	com.google.code.findbugs#jsr305;3.0.0 from central in [default]
[2026-03-27T02:18:04.420+0000] {subprocess.py:106} INFO - 	commons-logging#commons-logging;1.1.3 from central in [default]
[2026-03-27T02:18:04.421+0000] {subprocess.py:106} INFO - 	org.apache.commons#commons-pool2;2.11.1 from central in [default]
[2026-03-27T02:18:04.421+0000] {subprocess.py:106} INFO - 	org.apache.hadoop#hadoop-client-api;3.3.4 from central in [default]
[2026-03-27T02:18:04.421+0000] {subprocess.py:106} INFO - 	org.apache.hadoop#hadoop-client-runtime;3.3.4 from central in [default]
[2026-03-27T02:18:04.422+0000] {subprocess.py:106} INFO - 	org.apache.kafka#kafka-clients;3.4.1 from central in [default]
[2026-03-27T02:18:04.422+0000] {subprocess.py:106} INFO - 	org.apache.spark#spark-sql-kafka-0-10_2.12;3.5.1 from central in [default]
[2026-03-27T02:18:04.422+0000] {subprocess.py:106} INFO - 	org.apache.spark#spark-token-provider-kafka-0-10_2.12;3.5.1 from central in [default]
[2026-03-27T02:18:04.423+0000] {subprocess.py:106} INFO - 	org.lz4#lz4-java;1.8.0 from central in [default]
[2026-03-27T02:18:04.423+0000] {subprocess.py:106} INFO - 	org.slf4j#slf4j-api;2.0.7 from central in [default]
[2026-03-27T02:18:04.423+0000] {subprocess.py:106} INFO - 	org.xerial.snappy#snappy-java;1.1.10.3 from central in [default]
[2026-03-27T02:18:04.424+0000] {subprocess.py:106} INFO - 	---------------------------------------------------------------------
[2026-03-27T02:18:04.424+0000] {subprocess.py:106} INFO - 	|                  |            modules            ||   artifacts   |
[2026-03-27T02:18:04.424+0000] {subprocess.py:106} INFO - 	|       conf       | number| search|dwnlded|evicted|| number|dwnlded|
[2026-03-27T02:18:04.425+0000] {subprocess.py:106} INFO - 	---------------------------------------------------------------------
[2026-03-27T02:18:04.425+0000] {subprocess.py:106} INFO - 	|      default     |   11  |   11  |   11  |   0   ||   11  |   11  |
[2026-03-27T02:18:04.425+0000] {subprocess.py:106} INFO - 	---------------------------------------------------------------------
[2026-03-27T02:18:04.428+0000] {subprocess.py:106} INFO - :: retrieving :: org.apache.spark#spark-submit-parent-9dec8679-ee5f-4dde-98bb-36943655e2cf
[2026-03-27T02:18:04.429+0000] {subprocess.py:106} INFO - 	confs: [default]
[2026-03-27T02:18:05.343+0000] {subprocess.py:106} INFO - 	11 artifacts copied, 0 already retrieved (56767kB/915ms)
[2026-03-27T02:18:05.568+0000] {subprocess.py:106} INFO - 26/03/27 02:18:05 WARN NativeCodeLoader: Unable to load native-hadoop library for your platform... using builtin-java classes where applicable
[2026-03-27T02:18:05.752+0000] {subprocess.py:106} INFO - Setting default log level to "WARN".
[2026-03-27T02:18:05.754+0000] {subprocess.py:106} INFO - To adjust logging level use sc.setLogLevel(newLevel). For SparkR, use setLogLevel(newLevel).
[2026-03-27T02:18:09.877+0000] {subprocess.py:106} INFO - 26/03/27 02:18:09 WARN ResolveWriteToStream: spark.sql.adaptive.enabled is not supported in streaming DataFrames/Datasets and will be disabled.
[2026-03-27T02:18:10.619+0000] {subprocess.py:106} INFO - 26/03/27 02:18:10 WARN AdminClientConfig: These configurations '[key.deserializer, value.deserializer, enable.auto.commit, max.poll.records, auto.offset.reset]' were supplied but are not used yet.
[2026-03-27T02:18:12.404+0000] {subprocess.py:110} INFO - Command exited with return code 0
[2026-03-27T02:18:12.425+0000] {taskinstance.py:341} INFO - ::group::Post task execution logs
[2026-03-27T02:18:12.426+0000] {taskinstance.py:353} INFO - Marking task as SUCCESS. dag_id=healthcare_pipeline, task_id=consume_encounter_events, run_id=manual__2026-03-27T02:17:02.800819+00:00, execution_date=20260327T021702, start_date=20260327T021749, end_date=20260327T021812
[2026-03-27T02:18:12.539+0000] {local_task_job_runner.py:266} INFO - Task exited with return code 0
[2026-03-27T02:18:12.573+0000] {taskinstance.py:3901} INFO - 1 downstream tasks scheduled from follow-on schedule check
[2026-03-27T02:18:12.575+0000] {local_task_job_runner.py:245} INFO - ::endgroup::
