[2026-03-26T21:36:02.108+0000] {local_task_job_runner.py:123} INFO - ::group::Pre task execution logs
[2026-03-26T21:36:02.133+0000] {taskinstance.py:2614} INFO - Dependencies all met for dep_context=non-requeueable deps ti=<TaskInstance: healthcare_pipeline.upload_bronze_to_s3 manual__2026-03-26T21:29:34.441702+00:00 [queued]>
[2026-03-26T21:36:02.142+0000] {taskinstance.py:2614} INFO - Dependencies all met for dep_context=requeueable deps ti=<TaskInstance: healthcare_pipeline.upload_bronze_to_s3 manual__2026-03-26T21:29:34.441702+00:00 [queued]>
[2026-03-26T21:36:02.143+0000] {taskinstance.py:2867} INFO - Starting attempt 2 of 1
[2026-03-26T21:36:02.154+0000] {taskinstance.py:2890} INFO - Executing <Task(BashOperator): upload_bronze_to_s3> on 2026-03-26 21:29:34.441702+00:00
[2026-03-26T21:36:02.163+0000] {standard_task_runner.py:104} INFO - Running: ['***', 'tasks', 'run', 'healthcare_pipeline', 'upload_bronze_to_s3', 'manual__2026-03-26T21:29:34.441702+00:00', '--job-id', '8', '--raw', '--subdir', 'DAGS_FOLDER/healthcare_pipeline_dag.py', '--cfg-path', '/tmp/tmpkkect7b7']
[2026-03-26T21:36:02.164+0000] {logging_mixin.py:190} WARNING - /home/***/.local/lib/python3.12/site-packages/***/task/task_runner/standard_task_runner.py:70 DeprecationWarning: This process (pid=216) is multi-threaded, use of fork() may lead to deadlocks in the child.
[2026-03-26T21:36:02.165+0000] {standard_task_runner.py:105} INFO - Job 8: Subtask upload_bronze_to_s3
[2026-03-26T21:36:02.165+0000] {standard_task_runner.py:72} INFO - Started process 217 to run task
[2026-03-26T21:36:02.204+0000] {task_command.py:467} INFO - Running <TaskInstance: healthcare_pipeline.upload_bronze_to_s3 manual__2026-03-26T21:29:34.441702+00:00 [running]> on host 0e09f779dd92
[2026-03-26T21:36:02.273+0000] {taskinstance.py:3134} INFO - Exporting env vars: AIRFLOW_CTX_DAG_OWNER='sanjay' AIRFLOW_CTX_DAG_ID='healthcare_pipeline' AIRFLOW_CTX_TASK_ID='upload_bronze_to_s3' AIRFLOW_CTX_EXECUTION_DATE='2026-03-26T21:29:34.441702+00:00' AIRFLOW_CTX_TRY_NUMBER='2' AIRFLOW_CTX_DAG_RUN_ID='manual__2026-03-26T21:29:34.441702+00:00'
[2026-03-26T21:36:02.278+0000] {logging_mixin.py:190} WARNING - /home/***/.local/lib/python3.12/site-packages/***/providers/openlineage/utils/utils.py:284 AirflowProviderDeprecationWarning: Call to deprecated class UnknownOperatorAttributeRunFacet. (To be removed in the next release. Make sure to use information from AirflowRunFacet instead.)
[2026-03-26T21:36:02.280+0000] {logging_mixin.py:190} WARNING - /home/***/.local/lib/python3.12/site-packages/***/providers/openlineage/plugins/adapter.py:81 DeprecationWarning: Using `from_dict` to set transport is deprecated. Use `config` parameter to fully configure OpenLineageClient.
[2026-03-26T21:36:02.281+0000] {client.py:110} INFO - OpenLineageClient will use `http` transport
[2026-03-26T21:36:09.209+0000] {adapter.py:146} WARNING - Failed to emit OpenLineage event of id 3010ae3b-e9ae-3b58-85fe-504f4f685b6e
[2026-03-26T21:36:09.210+0000] {taskinstance.py:732} INFO - ::endgroup::
[2026-03-26T21:36:09.236+0000] {subprocess.py:78} INFO - Tmp dir root location: /tmp
[2026-03-26T21:36:09.238+0000] {subprocess.py:88} INFO - Running command: ['/usr/bin/bash', '-c', '\n        cd /opt/project/scripts &&         python upload_bronze_to_s3.py\n        ']
[2026-03-26T21:36:09.248+0000] {subprocess.py:99} INFO - Output:
[2026-03-26T21:36:14.951+0000] {subprocess.py:106} INFO - Uploaded: /opt/project/data/bronze/encounter_events/part-00000-633a3ca0-ec73-4b95-92ad-c92d3924574c-c000.json -> s3://healthcare-synthea/bronze/encounter_events/part-00000-633a3ca0-ec73-4b95-92ad-c92d3924574c-c000.json
[2026-03-26T21:36:14.952+0000] {subprocess.py:106} INFO - Upload complete. Total files uploaded: 1
[2026-03-26T21:36:15.050+0000] {subprocess.py:110} INFO - Command exited with return code 0
[2026-03-26T21:36:15.074+0000] {taskinstance.py:341} INFO - ::group::Post task execution logs
[2026-03-26T21:36:15.075+0000] {taskinstance.py:353} INFO - Marking task as SUCCESS. dag_id=healthcare_pipeline, task_id=upload_bronze_to_s3, run_id=manual__2026-03-26T21:29:34.441702+00:00, execution_date=20260326T212934, start_date=20260326T213602, end_date=20260326T213615
[2026-03-26T21:36:19.067+0000] {adapter.py:146} WARNING - Failed to emit OpenLineage event of id 3010ae3b-e9ae-3b58-85fe-504f4f685b6e
[2026-03-26T21:36:19.098+0000] {local_task_job_runner.py:266} INFO - Task exited with return code 0
[2026-03-26T21:36:19.111+0000] {taskinstance.py:3901} INFO - 0 downstream tasks scheduled from follow-on schedule check
[2026-03-26T21:36:19.113+0000] {local_task_job_runner.py:245} INFO - ::endgroup::
