[2026-03-26T23:09:26.165+0000] {local_task_job_runner.py:123} INFO - ::group::Pre task execution logs
[2026-03-26T23:09:26.196+0000] {taskinstance.py:2614} INFO - Dependencies all met for dep_context=non-requeueable deps ti=<TaskInstance: healthcare_pipeline.consume_encounter_events manual__2026-03-26T23:08:38.345731+00:00 [queued]>
[2026-03-26T23:09:26.209+0000] {taskinstance.py:2614} INFO - Dependencies all met for dep_context=requeueable deps ti=<TaskInstance: healthcare_pipeline.consume_encounter_events manual__2026-03-26T23:08:38.345731+00:00 [queued]>
[2026-03-26T23:09:26.210+0000] {taskinstance.py:2867} INFO - Starting attempt 1 of 1
[2026-03-26T23:09:26.224+0000] {taskinstance.py:2890} INFO - Executing <Task(BashOperator): consume_encounter_events> on 2026-03-26 23:08:38.345731+00:00
[2026-03-26T23:09:26.235+0000] {standard_task_runner.py:104} INFO - Running: ['***', 'tasks', 'run', 'healthcare_pipeline', 'consume_encounter_events', 'manual__2026-03-26T23:08:38.345731+00:00', '--job-id', '7', '--raw', '--subdir', 'DAGS_FOLDER/healthcare_pipeline_dag.py', '--cfg-path', '/tmp/tmphobu12uo']
[2026-03-26T23:09:26.238+0000] {standard_task_runner.py:105} INFO - Job 7: Subtask consume_encounter_events
[2026-03-26T23:09:26.238+0000] {logging_mixin.py:190} WARNING - /home/***/.local/lib/python3.12/site-packages/***/task/task_runner/standard_task_runner.py:70 DeprecationWarning: This process (pid=1122) is multi-threaded, use of fork() may lead to deadlocks in the child.
[2026-03-26T23:09:26.240+0000] {standard_task_runner.py:72} INFO - Started process 1123 to run task
[2026-03-26T23:09:26.296+0000] {task_command.py:467} INFO - Running <TaskInstance: healthcare_pipeline.consume_encounter_events manual__2026-03-26T23:08:38.345731+00:00 [running]> on host cbf1ba5c1e19
[2026-03-26T23:09:26.413+0000] {taskinstance.py:3134} INFO - Exporting env vars: AIRFLOW_CTX_DAG_OWNER='sanjay' AIRFLOW_CTX_DAG_ID='healthcare_pipeline' AIRFLOW_CTX_TASK_ID='consume_encounter_events' AIRFLOW_CTX_EXECUTION_DATE='2026-03-26T23:08:38.345731+00:00' AIRFLOW_CTX_TRY_NUMBER='1' AIRFLOW_CTX_DAG_RUN_ID='manual__2026-03-26T23:08:38.345731+00:00'
[2026-03-26T23:09:26.422+0000] {logging_mixin.py:190} WARNING - /home/***/.local/lib/python3.12/site-packages/***/providers/openlineage/utils/utils.py:284 AirflowProviderDeprecationWarning: Call to deprecated class UnknownOperatorAttributeRunFacet. (To be removed in the next release. Make sure to use information from AirflowRunFacet instead.)
[2026-03-26T23:09:26.425+0000] {logging_mixin.py:190} WARNING - /home/***/.local/lib/python3.12/site-packages/***/providers/openlineage/plugins/adapter.py:81 DeprecationWarning: Using `from_dict` to set transport is deprecated. Use `config` parameter to fully configure OpenLineageClient.
[2026-03-26T23:09:26.426+0000] {client.py:110} INFO - OpenLineageClient will use `http` transport
[2026-03-26T23:09:26.525+0000] {taskinstance.py:732} INFO - ::endgroup::
[2026-03-26T23:09:26.542+0000] {subprocess.py:78} INFO - Tmp dir root location: /tmp
[2026-03-26T23:09:26.544+0000] {subprocess.py:88} INFO - Running command: ['/usr/bin/bash', '-c', '\n        cd /opt/project/pyspark &&         timeout 60 python stream_encounters_from_kafka.py\n        ']
[2026-03-26T23:09:26.554+0000] {subprocess.py:99} INFO - Output:
[2026-03-26T23:09:27.751+0000] {subprocess.py:106} INFO - /home/***/.local/lib/python3.12/site-packages/pyspark/bin/load-spark-env.sh: line 68: ps: command not found
[2026-03-26T23:09:30.901+0000] {subprocess.py:106} INFO - :: loading settings :: url = jar:file:/home/***/.local/lib/python3.12/site-packages/pyspark/jars/ivy-2.5.1.jar!/org/apache/ivy/core/settings/ivysettings.xml
[2026-03-26T23:09:31.025+0000] {subprocess.py:106} INFO - Ivy Default Cache set to: /home/***/.ivy2/cache
[2026-03-26T23:09:31.026+0000] {subprocess.py:106} INFO - The jars for the packages stored in: /home/***/.ivy2/jars
[2026-03-26T23:09:31.030+0000] {subprocess.py:106} INFO - org.apache.spark#spark-sql-kafka-0-10_2.12 added as a dependency
[2026-03-26T23:09:31.031+0000] {subprocess.py:106} INFO - :: resolving dependencies :: org.apache.spark#spark-submit-parent-98ea2c04-578a-436d-bbe3-58879beec419;1.0
[2026-03-26T23:09:31.032+0000] {subprocess.py:106} INFO - 	confs: [default]
[2026-03-26T23:09:31.296+0000] {subprocess.py:106} INFO - 	found org.apache.spark#spark-sql-kafka-0-10_2.12;3.5.1 in central
[2026-03-26T23:09:31.365+0000] {subprocess.py:106} INFO - 	found org.apache.spark#spark-token-provider-kafka-0-10_2.12;3.5.1 in central
[2026-03-26T23:09:31.404+0000] {subprocess.py:106} INFO - 	found org.apache.kafka#kafka-clients;3.4.1 in central
[2026-03-26T23:09:31.438+0000] {subprocess.py:106} INFO - 	found org.lz4#lz4-java;1.8.0 in central
[2026-03-26T23:09:31.465+0000] {subprocess.py:106} INFO - 	found org.xerial.snappy#snappy-java;1.1.10.3 in central
[2026-03-26T23:09:31.491+0000] {subprocess.py:106} INFO - 	found org.slf4j#slf4j-api;2.0.7 in central
[2026-03-26T23:09:31.520+0000] {subprocess.py:106} INFO - 	found org.apache.hadoop#hadoop-client-runtime;3.3.4 in central
[2026-03-26T23:09:31.555+0000] {subprocess.py:106} INFO - 	found org.apache.hadoop#hadoop-client-api;3.3.4 in central
[2026-03-26T23:09:31.590+0000] {subprocess.py:106} INFO - 	found commons-logging#commons-logging;1.1.3 in central
[2026-03-26T23:09:31.617+0000] {subprocess.py:106} INFO - 	found com.google.code.findbugs#jsr305;3.0.0 in central
[2026-03-26T23:09:31.640+0000] {subprocess.py:106} INFO - 	found org.apache.commons#commons-pool2;2.11.1 in central
[2026-03-26T23:09:31.687+0000] {subprocess.py:106} INFO - :: resolution report :: resolve 628ms :: artifacts dl 28ms
[2026-03-26T23:09:31.688+0000] {subprocess.py:106} INFO - 	:: modules in use:
[2026-03-26T23:09:31.689+0000] {subprocess.py:106} INFO - 	com.google.code.findbugs#jsr305;3.0.0 from central in [default]
[2026-03-26T23:09:31.689+0000] {subprocess.py:106} INFO - 	commons-logging#commons-logging;1.1.3 from central in [default]
[2026-03-26T23:09:31.690+0000] {subprocess.py:106} INFO - 	org.apache.commons#commons-pool2;2.11.1 from central in [default]
[2026-03-26T23:09:31.690+0000] {subprocess.py:106} INFO - 	org.apache.hadoop#hadoop-client-api;3.3.4 from central in [default]
[2026-03-26T23:09:31.691+0000] {subprocess.py:106} INFO - 	org.apache.hadoop#hadoop-client-runtime;3.3.4 from central in [default]
[2026-03-26T23:09:31.692+0000] {subprocess.py:106} INFO - 	org.apache.kafka#kafka-clients;3.4.1 from central in [default]
[2026-03-26T23:09:31.693+0000] {subprocess.py:106} INFO - 	org.apache.spark#spark-sql-kafka-0-10_2.12;3.5.1 from central in [default]
[2026-03-26T23:09:31.693+0000] {subprocess.py:106} INFO - 	org.apache.spark#spark-token-provider-kafka-0-10_2.12;3.5.1 from central in [default]
[2026-03-26T23:09:31.694+0000] {subprocess.py:106} INFO - 	org.lz4#lz4-java;1.8.0 from central in [default]
[2026-03-26T23:09:31.695+0000] {subprocess.py:106} INFO - 	org.slf4j#slf4j-api;2.0.7 from central in [default]
[2026-03-26T23:09:31.695+0000] {subprocess.py:106} INFO - 	org.xerial.snappy#snappy-java;1.1.10.3 from central in [default]
[2026-03-26T23:09:31.696+0000] {subprocess.py:106} INFO - 	---------------------------------------------------------------------
[2026-03-26T23:09:31.696+0000] {subprocess.py:106} INFO - 	|                  |            modules            ||   artifacts   |
[2026-03-26T23:09:31.697+0000] {subprocess.py:106} INFO - 	|       conf       | number| search|dwnlded|evicted|| number|dwnlded|
[2026-03-26T23:09:31.697+0000] {subprocess.py:106} INFO - 	---------------------------------------------------------------------
[2026-03-26T23:09:31.698+0000] {subprocess.py:106} INFO - 	|      default     |   11  |   0   |   0   |   0   ||   11  |   0   |
[2026-03-26T23:09:31.698+0000] {subprocess.py:106} INFO - 	---------------------------------------------------------------------
[2026-03-26T23:09:31.699+0000] {subprocess.py:106} INFO - :: retrieving :: org.apache.spark#spark-submit-parent-98ea2c04-578a-436d-bbe3-58879beec419
[2026-03-26T23:09:31.699+0000] {subprocess.py:106} INFO - 	confs: [default]
[2026-03-26T23:09:31.711+0000] {subprocess.py:106} INFO - 	0 artifacts copied, 11 already retrieved (0kB/15ms)
[2026-03-26T23:09:32.039+0000] {subprocess.py:106} INFO - 26/03/26 23:09:32 WARN NativeCodeLoader: Unable to load native-hadoop library for your platform... using builtin-java classes where applicable
[2026-03-26T23:09:32.374+0000] {subprocess.py:106} INFO - Setting default log level to "WARN".
[2026-03-26T23:09:32.375+0000] {subprocess.py:106} INFO - To adjust logging level use sc.setLogLevel(newLevel). For SparkR, use setLogLevel(newLevel).
[2026-03-26T23:09:38.236+0000] {subprocess.py:106} INFO - 26/03/26 23:09:38 WARN ResolveWriteToStream: spark.sql.adaptive.enabled is not supported in streaming DataFrames/Datasets and will be disabled.
[2026-03-26T23:09:38.499+0000] {subprocess.py:106} INFO - 26/03/26 23:09:38 WARN AdminClientConfig: These configurations '[key.deserializer, value.deserializer, enable.auto.commit, max.poll.records, auto.offset.reset]' were supplied but are not used yet.
[2026-03-26T23:09:43.749+0000] {subprocess.py:106} INFO - [Stage 0:>                                                          (0 + 1) / 1]
[2026-03-26T23:09:43.752+0000] {subprocess.py:110} INFO - Command exited with return code 0
[2026-03-26T23:09:43.836+0000] {taskinstance.py:341} INFO - ::group::Post task execution logs
[2026-03-26T23:09:43.838+0000] {taskinstance.py:353} INFO - Marking task as SUCCESS. dag_id=healthcare_pipeline, task_id=consume_encounter_events, run_id=manual__2026-03-26T23:08:38.345731+00:00, execution_date=20260326T230838, start_date=20260326T230926, end_date=20260326T230943
[2026-03-26T23:09:44.109+0000] {local_task_job_runner.py:266} INFO - Task exited with return code 0
[2026-03-26T23:09:44.153+0000] {taskinstance.py:3901} INFO - 1 downstream tasks scheduled from follow-on schedule check
[2026-03-26T23:09:44.156+0000] {local_task_job_runner.py:245} INFO - ::endgroup::
