[2026-03-26T20:50:15.322+0000] {local_task_job_runner.py:123} INFO - ::group::Pre task execution logs
[2026-03-26T20:50:15.341+0000] {taskinstance.py:2614} INFO - Dependencies all met for dep_context=non-requeueable deps ti=<TaskInstance: healthcare_pipeline.load_raw_to_snowflake manual__2026-03-26T20:48:26.807266+00:00 [queued]>
[2026-03-26T20:50:15.349+0000] {taskinstance.py:2614} INFO - Dependencies all met for dep_context=requeueable deps ti=<TaskInstance: healthcare_pipeline.load_raw_to_snowflake manual__2026-03-26T20:48:26.807266+00:00 [queued]>
[2026-03-26T20:50:15.350+0000] {taskinstance.py:2867} INFO - Starting attempt 1 of 1
[2026-03-26T20:50:15.361+0000] {taskinstance.py:2890} INFO - Executing <Task(BashOperator): load_raw_to_snowflake> on 2026-03-26 20:48:26.807266+00:00
[2026-03-26T20:50:15.368+0000] {standard_task_runner.py:104} INFO - Running: ['***', 'tasks', 'run', 'healthcare_pipeline', 'load_raw_to_snowflake', 'manual__2026-03-26T20:48:26.807266+00:00', '--job-id', '5', '--raw', '--subdir', 'DAGS_FOLDER/healthcare_pipeline_dag.py', '--cfg-path', '/tmp/tmprt0e9bx7']
[2026-03-26T20:50:15.370+0000] {standard_task_runner.py:105} INFO - Job 5: Subtask load_raw_to_snowflake
[2026-03-26T20:50:15.369+0000] {logging_mixin.py:190} WARNING - /home/***/.local/lib/python3.12/site-packages/***/task/task_runner/standard_task_runner.py:70 DeprecationWarning: This process (pid=593) is multi-threaded, use of fork() may lead to deadlocks in the child.
[2026-03-26T20:50:15.370+0000] {standard_task_runner.py:72} INFO - Started process 594 to run task
[2026-03-26T20:50:15.411+0000] {task_command.py:467} INFO - Running <TaskInstance: healthcare_pipeline.load_raw_to_snowflake manual__2026-03-26T20:48:26.807266+00:00 [running]> on host aba20c4fd3d6
[2026-03-26T20:50:15.478+0000] {taskinstance.py:3134} INFO - Exporting env vars: AIRFLOW_CTX_DAG_OWNER='sanjay' AIRFLOW_CTX_DAG_ID='healthcare_pipeline' AIRFLOW_CTX_TASK_ID='load_raw_to_snowflake' AIRFLOW_CTX_EXECUTION_DATE='2026-03-26T20:48:26.807266+00:00' AIRFLOW_CTX_TRY_NUMBER='1' AIRFLOW_CTX_DAG_RUN_ID='manual__2026-03-26T20:48:26.807266+00:00'
[2026-03-26T20:50:15.484+0000] {logging_mixin.py:190} WARNING - /home/***/.local/lib/python3.12/site-packages/***/providers/openlineage/utils/utils.py:284 AirflowProviderDeprecationWarning: Call to deprecated class UnknownOperatorAttributeRunFacet. (To be removed in the next release. Make sure to use information from AirflowRunFacet instead.)
[2026-03-26T20:50:15.487+0000] {logging_mixin.py:190} WARNING - /home/***/.local/lib/python3.12/site-packages/***/providers/openlineage/plugins/adapter.py:81 DeprecationWarning: Using `from_dict` to set transport is deprecated. Use `config` parameter to fully configure OpenLineageClient.
[2026-03-26T20:50:15.488+0000] {client.py:110} INFO - OpenLineageClient will use `http` transport
[2026-03-26T20:50:19.479+0000] {adapter.py:146} WARNING - Failed to emit OpenLineage event of id fb78b4e6-f406-368e-bffe-c6647d6d9683
[2026-03-26T20:50:19.481+0000] {taskinstance.py:732} INFO - ::endgroup::
[2026-03-26T20:50:19.496+0000] {subprocess.py:78} INFO - Tmp dir root location: /tmp
[2026-03-26T20:50:19.497+0000] {subprocess.py:88} INFO - Running command: ['/usr/bin/bash', '-c', '\n        cd /opt/project/scripts &&         python load_s3_pyspark_to_snowflake.py\n        ']
[2026-03-26T20:50:19.506+0000] {subprocess.py:99} INFO - Output:
[2026-03-26T20:50:39.770+0000] {subprocess.py:106} INFO - /home/***/.local/lib/python3.12/site-packages/pyspark/bin/load-spark-env.sh: line 68: ps: command not found
[2026-03-26T20:50:41.931+0000] {subprocess.py:106} INFO - Setting default log level to "WARN".
[2026-03-26T20:50:41.932+0000] {subprocess.py:106} INFO - To adjust logging level use sc.setLogLevel(newLevel). For SparkR, use setLogLevel(newLevel).
[2026-03-26T20:50:42.070+0000] {subprocess.py:106} INFO - 26/03/26 20:50:42 WARN NativeCodeLoader: Unable to load native-hadoop library for your platform... using builtin-java classes where applicable
[2026-03-26T20:50:52.704+0000] {subprocess.py:106} INFO - 26/03/26 20:50:52 WARN SparkStringUtils: Truncated the string representation of a plan since it was too large. This behavior can be adjusted by setting 'spark.sql.debug.maxToStringFields'.
[2026-03-26T20:50:56.994+0000] {subprocess.py:106} INFO - [Stage 7:>                                                          (0 + 1) / 1]                                                                                Cleaned file written to: /tmp/tmpi_fe1etw/clean/patients
[2026-03-26T20:50:56.995+0000] {subprocess.py:106} INFO - Cleaned file written to: /tmp/tmpi_fe1etw/clean/encounters
[2026-03-26T20:50:56.996+0000] {subprocess.py:106} INFO - Cleaned file written to: /tmp/tmpi_fe1etw/clean/conditions
[2026-03-26T20:50:56.996+0000] {subprocess.py:106} INFO - Cleaned file written to: /tmp/tmpi_fe1etw/clean/observations
[2026-03-26T20:51:05.001+0000] {subprocess.py:106} INFO - Great Expectations validation passed for all datasets.
[2026-03-26T20:55:07.410+0000] {subprocess.py:106} INFO - Downloading s3://healthcare-synthea/raw/patients/patients.csv -> /tmp/tmpi_fe1etw/raw/patients.csv
[2026-03-26T20:55:07.411+0000] {subprocess.py:106} INFO - Downloading s3://healthcare-synthea/raw/encounters/encounters.csv -> /tmp/tmpi_fe1etw/raw/encounters.csv
[2026-03-26T20:55:07.413+0000] {subprocess.py:106} INFO - Downloading s3://healthcare-synthea/raw/conditions/conditions.csv -> /tmp/tmpi_fe1etw/raw/conditions.csv
[2026-03-26T20:55:07.413+0000] {subprocess.py:106} INFO - Downloading s3://healthcare-synthea/raw/observations/observations.csv -> /tmp/tmpi_fe1etw/raw/observations.csv
[2026-03-26T20:55:07.413+0000] {subprocess.py:106} INFO - Loaded 229 rows into HC_DB.RAW.PATIENTS
[2026-03-26T20:55:07.414+0000] {subprocess.py:106} INFO - Loaded 16931 rows into HC_DB.RAW.ENCOUNTERS
[2026-03-26T20:55:07.414+0000] {subprocess.py:106} INFO - Loaded 8266 rows into HC_DB.RAW.CONDITIONS
[2026-03-26T20:55:07.414+0000] {subprocess.py:106} INFO - Loaded 183334 rows into HC_DB.RAW.OBSERVATIONS
[2026-03-26T20:55:07.415+0000] {subprocess.py:106} INFO - S3 -> PySpark -> Snowflake completed successfully.
[2026-03-26T20:55:07.696+0000] {subprocess.py:110} INFO - Command exited with return code 0
[2026-03-26T20:55:07.751+0000] {taskinstance.py:341} INFO - ::group::Post task execution logs
[2026-03-26T20:55:07.752+0000] {taskinstance.py:353} INFO - Marking task as SUCCESS. dag_id=healthcare_pipeline, task_id=load_raw_to_snowflake, run_id=manual__2026-03-26T20:48:26.807266+00:00, execution_date=20260326T204826, start_date=20260326T205015, end_date=20260326T205507
[2026-03-26T20:55:11.799+0000] {adapter.py:146} WARNING - Failed to emit OpenLineage event of id fb78b4e6-f406-368e-bffe-c6647d6d9683
[2026-03-26T20:55:11.816+0000] {local_task_job_runner.py:266} INFO - Task exited with return code 0
[2026-03-26T20:55:11.840+0000] {taskinstance.py:3901} INFO - 0 downstream tasks scheduled from follow-on schedule check
[2026-03-26T20:55:11.844+0000] {local_task_job_runner.py:245} INFO - ::endgroup::
