[2026-03-25T19:21:11.876+0000] {local_task_job_runner.py:123} INFO - ::group::Pre task execution logs
[2026-03-25T19:21:11.892+0000] {taskinstance.py:2614} INFO - Dependencies all met for dep_context=non-requeueable deps ti=<TaskInstance: healthcare_pipeline.load_raw_to_snowflake manual__2026-03-25T19:21:11.167812+00:00 [queued]>
[2026-03-25T19:21:11.899+0000] {taskinstance.py:2614} INFO - Dependencies all met for dep_context=requeueable deps ti=<TaskInstance: healthcare_pipeline.load_raw_to_snowflake manual__2026-03-25T19:21:11.167812+00:00 [queued]>
[2026-03-25T19:21:11.900+0000] {taskinstance.py:2867} INFO - Starting attempt 1 of 1
[2026-03-25T19:21:11.911+0000] {taskinstance.py:2890} INFO - Executing <Task(BashOperator): load_raw_to_snowflake> on 2026-03-25 19:21:11.167812+00:00
[2026-03-25T19:21:11.919+0000] {standard_task_runner.py:104} INFO - Running: ['***', 'tasks', 'run', 'healthcare_pipeline', 'load_raw_to_snowflake', 'manual__2026-03-25T19:21:11.167812+00:00', '--job-id', '5', '--raw', '--subdir', 'DAGS_FOLDER/healthcare_pipeline_dag.py', '--cfg-path', '/tmp/tmpj0utl6rz']
[2026-03-25T19:21:11.921+0000] {logging_mixin.py:190} WARNING - /home/***/.local/lib/python3.12/site-packages/***/task/task_runner/standard_task_runner.py:70 DeprecationWarning: This process (pid=171) is multi-threaded, use of fork() may lead to deadlocks in the child.
[2026-03-25T19:21:11.921+0000] {standard_task_runner.py:105} INFO - Job 5: Subtask load_raw_to_snowflake
[2026-03-25T19:21:11.922+0000] {standard_task_runner.py:72} INFO - Started process 172 to run task
[2026-03-25T19:21:11.970+0000] {task_command.py:467} INFO - Running <TaskInstance: healthcare_pipeline.load_raw_to_snowflake manual__2026-03-25T19:21:11.167812+00:00 [running]> on host 8b85d9694345
[2026-03-25T19:21:12.040+0000] {taskinstance.py:3134} INFO - Exporting env vars: AIRFLOW_CTX_DAG_OWNER='sanjay' AIRFLOW_CTX_DAG_ID='healthcare_pipeline' AIRFLOW_CTX_TASK_ID='load_raw_to_snowflake' AIRFLOW_CTX_EXECUTION_DATE='2026-03-25T19:21:11.167812+00:00' AIRFLOW_CTX_TRY_NUMBER='1' AIRFLOW_CTX_DAG_RUN_ID='manual__2026-03-25T19:21:11.167812+00:00'
[2026-03-25T19:21:12.042+0000] {taskinstance.py:732} INFO - ::endgroup::
[2026-03-25T19:21:12.063+0000] {subprocess.py:78} INFO - Tmp dir root location: /tmp
[2026-03-25T19:21:12.064+0000] {subprocess.py:88} INFO - Running command: ['/usr/bin/bash', '-c', '\n        cd /opt/project/scripts &&         python load_csv_to_snowflake.py\n        ']
[2026-03-25T19:21:12.074+0000] {subprocess.py:99} INFO - Output:
[2026-03-25T19:25:15.781+0000] {subprocess.py:106} INFO - Loaded 229 rows into HC_DB.RAW.PATIENTS
[2026-03-25T19:25:15.782+0000] {subprocess.py:106} INFO - Loaded 16931 rows into HC_DB.RAW.ENCOUNTERS
[2026-03-25T19:25:15.783+0000] {subprocess.py:106} INFO - Loaded 8266 rows into HC_DB.RAW.CONDITIONS
[2026-03-25T19:25:15.783+0000] {subprocess.py:106} INFO - Loaded 183334 rows into HC_DB.RAW.OBSERVATIONS
[2026-03-25T19:25:16.143+0000] {subprocess.py:110} INFO - Command exited with return code 0
[2026-03-25T19:25:16.173+0000] {taskinstance.py:341} INFO - ::group::Post task execution logs
[2026-03-25T19:25:16.174+0000] {taskinstance.py:353} INFO - Marking task as SUCCESS. dag_id=healthcare_pipeline, task_id=load_raw_to_snowflake, run_id=manual__2026-03-25T19:21:11.167812+00:00, execution_date=20260325T192111, start_date=20260325T192111, end_date=20260325T192516
[2026-03-25T19:25:16.244+0000] {local_task_job_runner.py:266} INFO - Task exited with return code 0
[2026-03-25T19:25:16.271+0000] {taskinstance.py:3901} INFO - 1 downstream tasks scheduled from follow-on schedule check
[2026-03-25T19:25:16.273+0000] {local_task_job_runner.py:245} INFO - ::endgroup::
