[2026-03-25T19:35:55.876+0000] {local_task_job_runner.py:123} INFO - ::group::Pre task execution logs
[2026-03-25T19:35:55.897+0000] {taskinstance.py:2614} INFO - Dependencies all met for dep_context=non-requeueable deps ti=<TaskInstance: healthcare_pipeline.run_dbt_models manual__2026-03-25T19:31:25.032623+00:00 [queued]>
[2026-03-25T19:35:55.906+0000] {taskinstance.py:2614} INFO - Dependencies all met for dep_context=requeueable deps ti=<TaskInstance: healthcare_pipeline.run_dbt_models manual__2026-03-25T19:31:25.032623+00:00 [queued]>
[2026-03-25T19:35:55.907+0000] {taskinstance.py:2867} INFO - Starting attempt 1 of 1
[2026-03-25T19:35:55.918+0000] {taskinstance.py:2890} INFO - Executing <Task(BashOperator): run_dbt_models> on 2026-03-25 19:31:25.032623+00:00
[2026-03-25T19:35:55.925+0000] {standard_task_runner.py:104} INFO - Running: ['***', 'tasks', 'run', 'healthcare_pipeline', 'run_dbt_models', 'manual__2026-03-25T19:31:25.032623+00:00', '--job-id', '3', '--raw', '--subdir', 'DAGS_FOLDER/healthcare_pipeline_dag.py', '--cfg-path', '/tmp/tmpvfwtqxqp']
[2026-03-25T19:35:55.927+0000] {logging_mixin.py:190} WARNING - /home/***/.local/lib/python3.12/site-packages/***/task/task_runner/standard_task_runner.py:70 DeprecationWarning: This process (pid=246) is multi-threaded, use of fork() may lead to deadlocks in the child.
[2026-03-25T19:35:55.927+0000] {standard_task_runner.py:105} INFO - Job 3: Subtask run_dbt_models
[2026-03-25T19:35:55.928+0000] {standard_task_runner.py:72} INFO - Started process 247 to run task
[2026-03-25T19:35:55.976+0000] {task_command.py:467} INFO - Running <TaskInstance: healthcare_pipeline.run_dbt_models manual__2026-03-25T19:31:25.032623+00:00 [running]> on host b3edd5cf94fc
[2026-03-25T19:35:56.046+0000] {taskinstance.py:3134} INFO - Exporting env vars: AIRFLOW_CTX_DAG_OWNER='sanjay' AIRFLOW_CTX_DAG_ID='healthcare_pipeline' AIRFLOW_CTX_TASK_ID='run_dbt_models' AIRFLOW_CTX_EXECUTION_DATE='2026-03-25T19:31:25.032623+00:00' AIRFLOW_CTX_TRY_NUMBER='1' AIRFLOW_CTX_DAG_RUN_ID='manual__2026-03-25T19:31:25.032623+00:00'
[2026-03-25T19:35:56.047+0000] {taskinstance.py:732} INFO - ::endgroup::
[2026-03-25T19:35:56.059+0000] {subprocess.py:78} INFO - Tmp dir root location: /tmp
[2026-03-25T19:35:56.061+0000] {subprocess.py:88} INFO - Running command: ['/usr/bin/bash', '-c', '\n    cd /opt/project/dbt/healthcare_dbt &&     rm -rf target logs dbt_packages &&     dbt run --no-partial-parse --profiles-dir /opt/***/.dbt\n    ']
[2026-03-25T19:35:56.069+0000] {subprocess.py:99} INFO - Output:
[2026-03-25T19:35:57.798+0000] {subprocess.py:106} INFO - [0m19:35:57  Running with dbt=1.11.7
[2026-03-25T19:35:58.625+0000] {subprocess.py:106} INFO - [0m19:35:58  Registered adapter: snowflake=1.11.3
[2026-03-25T19:35:59.923+0000] {subprocess.py:106} INFO - [0m19:35:59  Found 7 models, 11 data tests, 4 sources, 522 macros
[2026-03-25T19:35:59.925+0000] {subprocess.py:106} INFO - [0m19:35:59
[2026-03-25T19:35:59.926+0000] {subprocess.py:106} INFO - [0m19:35:59  Concurrency: 4 threads (target='dev')
[2026-03-25T19:35:59.926+0000] {subprocess.py:106} INFO - [0m19:35:59
[2026-03-25T19:36:02.187+0000] {subprocess.py:106} INFO - [0m19:36:02  1 of 7 START sql view model RAW_STAGING.stg_conditions ......................... [RUN]
[2026-03-25T19:36:02.188+0000] {subprocess.py:106} INFO - [0m19:36:02  2 of 7 START sql view model RAW_STAGING.stg_encounters ......................... [RUN]
[2026-03-25T19:36:02.189+0000] {subprocess.py:106} INFO - [0m19:36:02  3 of 7 START sql view model RAW_STAGING.stg_observations ....................... [RUN]
[2026-03-25T19:36:02.190+0000] {subprocess.py:106} INFO - [0m19:36:02  4 of 7 START sql view model RAW_STAGING.stg_patients ........................... [RUN]
[2026-03-25T19:36:02.563+0000] {subprocess.py:106} INFO - [0m19:36:02  1 of 7 OK created sql view model RAW_STAGING.stg_conditions .................... [[32mSUCCESS 1[0m in 0.37s]
[2026-03-25T19:36:02.566+0000] {subprocess.py:106} INFO - [0m19:36:02  5 of 7 START sql table model RAW_MARTS.mart_condition_prevalence ............... [RUN]
[2026-03-25T19:36:03.874+0000] {subprocess.py:106} INFO - [0m19:36:03  3 of 7 OK created sql view model RAW_STAGING.stg_observations .................. [[32mSUCCESS 1[0m in 1.68s]
[2026-03-25T19:36:03.880+0000] {subprocess.py:106} INFO - [0m19:36:03  4 of 7 OK created sql view model RAW_STAGING.stg_patients ...................... [[32mSUCCESS 1[0m in 1.69s]
[2026-03-25T19:36:04.155+0000] {subprocess.py:106} INFO - [0m19:36:04  5 of 7 OK created sql table model RAW_MARTS.mart_condition_prevalence .......... [[32mSUCCESS 223[0m in 1.59s]
[2026-03-25T19:36:13.083+0000] {subprocess.py:106} INFO - [0m19:36:13  2 of 7 OK created sql view model RAW_STAGING.stg_encounters .................... [[32mSUCCESS 1[0m in 10.89s]
[2026-03-25T19:36:13.088+0000] {subprocess.py:106} INFO - [0m19:36:13  6 of 7 START sql table model RAW_MARTS.mart_patient_clinical_summary ........... [RUN]
[2026-03-25T19:36:13.088+0000] {subprocess.py:106} INFO - [0m19:36:13  7 of 7 START sql table model RAW_MARTS.mart_patient_utilization ................ [RUN]
[2026-03-25T19:36:14.522+0000] {subprocess.py:106} INFO - [0m19:36:14  7 of 7 OK created sql table model RAW_MARTS.mart_patient_utilization ........... [[32mSUCCESS 229[0m in 1.43s]
[2026-03-25T19:36:14.809+0000] {subprocess.py:106} INFO - [0m19:36:14  6 of 7 OK created sql table model RAW_MARTS.mart_patient_clinical_summary ...... [[32mSUCCESS 229[0m in 1.72s]
[2026-03-25T19:36:17.695+0000] {subprocess.py:106} INFO - [0m19:36:17
[2026-03-25T19:36:17.696+0000] {subprocess.py:106} INFO - [0m19:36:17  Finished running 3 table models, 4 view models in 0 hours 0 minutes and 17.77 seconds (17.77s).
[2026-03-25T19:36:17.770+0000] {subprocess.py:106} INFO - [0m19:36:17
[2026-03-25T19:36:17.771+0000] {subprocess.py:106} INFO - [0m19:36:17  [32mCompleted successfully[0m
[2026-03-25T19:36:17.771+0000] {subprocess.py:106} INFO - [0m19:36:17
[2026-03-25T19:36:17.772+0000] {subprocess.py:106} INFO - [0m19:36:17  Done. PASS=7 WARN=0 ERROR=0 SKIP=0 NO-OP=0 TOTAL=7
[2026-03-25T19:36:18.769+0000] {subprocess.py:110} INFO - Command exited with return code 0
[2026-03-25T19:36:18.794+0000] {taskinstance.py:341} INFO - ::group::Post task execution logs
[2026-03-25T19:36:18.795+0000] {taskinstance.py:353} INFO - Marking task as SUCCESS. dag_id=healthcare_pipeline, task_id=run_dbt_models, run_id=manual__2026-03-25T19:31:25.032623+00:00, execution_date=20260325T193125, start_date=20260325T193555, end_date=20260325T193618
[2026-03-25T19:36:21.132+0000] {local_task_job_runner.py:266} INFO - Task exited with return code 0
[2026-03-25T19:36:21.146+0000] {taskinstance.py:3901} INFO - 0 downstream tasks scheduled from follow-on schedule check
[2026-03-25T19:36:21.148+0000] {local_task_job_runner.py:245} INFO - ::endgroup::
