[2026-03-26T22:19:27.441+0000] {local_task_job_runner.py:123} INFO - ::group::Pre task execution logs
[2026-03-26T22:19:27.478+0000] {taskinstance.py:2614} INFO - Dependencies all met for dep_context=non-requeueable deps ti=<TaskInstance: healthcare_pipeline.consume_encounter_events manual__2026-03-26T22:18:39.423845+00:00 [queued]>
[2026-03-26T22:19:27.493+0000] {taskinstance.py:2614} INFO - Dependencies all met for dep_context=requeueable deps ti=<TaskInstance: healthcare_pipeline.consume_encounter_events manual__2026-03-26T22:18:39.423845+00:00 [queued]>
[2026-03-26T22:19:27.494+0000] {taskinstance.py:2867} INFO - Starting attempt 1 of 1
[2026-03-26T22:19:27.513+0000] {taskinstance.py:2890} INFO - Executing <Task(BashOperator): consume_encounter_events> on 2026-03-26 22:18:39.423845+00:00
[2026-03-26T22:19:27.522+0000] {standard_task_runner.py:104} INFO - Running: ['***', 'tasks', 'run', 'healthcare_pipeline', 'consume_encounter_events', 'manual__2026-03-26T22:18:39.423845+00:00', '--job-id', '3', '--raw', '--subdir', 'DAGS_FOLDER/healthcare_pipeline_dag.py', '--cfg-path', '/tmp/tmp5k1nb4r9']
[2026-03-26T22:19:27.524+0000] {standard_task_runner.py:105} INFO - Job 3: Subtask consume_encounter_events
[2026-03-26T22:19:27.524+0000] {logging_mixin.py:190} WARNING - /home/***/.local/lib/python3.12/site-packages/***/task/task_runner/standard_task_runner.py:70 DeprecationWarning: This process (pid=208) is multi-threaded, use of fork() may lead to deadlocks in the child.
[2026-03-26T22:19:27.525+0000] {standard_task_runner.py:72} INFO - Started process 209 to run task
[2026-03-26T22:19:27.590+0000] {task_command.py:467} INFO - Running <TaskInstance: healthcare_pipeline.consume_encounter_events manual__2026-03-26T22:18:39.423845+00:00 [running]> on host a5ac944459b7
[2026-03-26T22:19:27.770+0000] {taskinstance.py:3134} INFO - Exporting env vars: AIRFLOW_CTX_DAG_OWNER='sanjay' AIRFLOW_CTX_DAG_ID='healthcare_pipeline' AIRFLOW_CTX_TASK_ID='consume_encounter_events' AIRFLOW_CTX_EXECUTION_DATE='2026-03-26T22:18:39.423845+00:00' AIRFLOW_CTX_TRY_NUMBER='1' AIRFLOW_CTX_DAG_RUN_ID='manual__2026-03-26T22:18:39.423845+00:00'
[2026-03-26T22:19:27.804+0000] {logging_mixin.py:190} WARNING - /home/***/.local/lib/python3.12/site-packages/***/providers/openlineage/utils/utils.py:284 AirflowProviderDeprecationWarning: Call to deprecated class UnknownOperatorAttributeRunFacet. (To be removed in the next release. Make sure to use information from AirflowRunFacet instead.)
[2026-03-26T22:19:27.812+0000] {logging_mixin.py:190} WARNING - /home/***/.local/lib/python3.12/site-packages/***/providers/openlineage/plugins/adapter.py:81 DeprecationWarning: Using `from_dict` to set transport is deprecated. Use `config` parameter to fully configure OpenLineageClient.
[2026-03-26T22:19:27.813+0000] {client.py:110} INFO - OpenLineageClient will use `http` transport
[2026-03-26T22:19:35.823+0000] {adapter.py:146} WARNING - Failed to emit OpenLineage event of id 8f6079d1-f4cc-36fa-816f-37ef82c8b330
[2026-03-26T22:19:35.825+0000] {taskinstance.py:732} INFO - ::endgroup::
[2026-03-26T22:19:35.839+0000] {subprocess.py:78} INFO - Tmp dir root location: /tmp
[2026-03-26T22:19:35.841+0000] {subprocess.py:88} INFO - Running command: ['/usr/bin/bash', '-c', '\n        cd /opt/project/pyspark &&         timeout 60 python stream_encounters_from_kafka.py\n        ']
[2026-03-26T22:19:35.852+0000] {subprocess.py:99} INFO - Output:
[2026-03-26T22:19:36.616+0000] {subprocess.py:106} INFO - /home/***/.local/lib/python3.12/site-packages/pyspark/bin/load-spark-env.sh: line 68: ps: command not found
[2026-03-26T22:19:40.516+0000] {subprocess.py:106} INFO - :: loading settings :: url = jar:file:/home/***/.local/lib/python3.12/site-packages/pyspark/jars/ivy-2.5.1.jar!/org/apache/ivy/core/settings/ivysettings.xml
[2026-03-26T22:19:40.695+0000] {subprocess.py:106} INFO - Ivy Default Cache set to: /home/***/.ivy2/cache
[2026-03-26T22:19:40.696+0000] {subprocess.py:106} INFO - The jars for the packages stored in: /home/***/.ivy2/jars
[2026-03-26T22:19:40.702+0000] {subprocess.py:106} INFO - org.apache.spark#spark-sql-kafka-0-10_2.12 added as a dependency
[2026-03-26T22:19:40.703+0000] {subprocess.py:106} INFO - :: resolving dependencies :: org.apache.spark#spark-submit-parent-04feecdf-237e-4b8d-9570-c0cd6d539764;1.0
[2026-03-26T22:19:40.703+0000] {subprocess.py:106} INFO - 	confs: [default]
[2026-03-26T22:19:43.558+0000] {subprocess.py:106} INFO - 	found org.apache.spark#spark-sql-kafka-0-10_2.12;3.5.1 in central
[2026-03-26T22:19:44.500+0000] {subprocess.py:106} INFO - 	found org.apache.spark#spark-token-provider-kafka-0-10_2.12;3.5.1 in central
[2026-03-26T22:19:44.719+0000] {subprocess.py:106} INFO - 	found org.apache.kafka#kafka-clients;3.4.1 in central
[2026-03-26T22:19:44.931+0000] {subprocess.py:106} INFO - 	found org.lz4#lz4-java;1.8.0 in central
[2026-03-26T22:19:45.146+0000] {subprocess.py:106} INFO - 	found org.xerial.snappy#snappy-java;1.1.10.3 in central
[2026-03-26T22:19:45.755+0000] {subprocess.py:106} INFO - 	found org.slf4j#slf4j-api;2.0.7 in central
[2026-03-26T22:19:47.323+0000] {subprocess.py:106} INFO - 	found org.apache.hadoop#hadoop-client-runtime;3.3.4 in central
[2026-03-26T22:19:46.452+0000] {subprocess.py:106} INFO - 	found org.apache.hadoop#hadoop-client-api;3.3.4 in central
[2026-03-26T22:19:47.813+0000] {subprocess.py:106} INFO - 	found commons-logging#commons-logging;1.1.3 in central
[2026-03-26T22:19:48.049+0000] {subprocess.py:106} INFO - 	found com.google.code.findbugs#jsr305;3.0.0 in central
[2026-03-26T22:19:49.342+0000] {subprocess.py:106} INFO - 	found org.apache.commons#commons-pool2;2.11.1 in central
[2026-03-26T22:19:49.410+0000] {subprocess.py:106} INFO - downloading https://repo1.maven.org/maven2/org/apache/spark/spark-sql-kafka-0-10_2.12/3.5.1/spark-sql-kafka-0-10_2.12-3.5.1.jar ...
[2026-03-26T22:19:49.667+0000] {subprocess.py:106} INFO - 	[SUCCESSFUL ] org.apache.spark#spark-sql-kafka-0-10_2.12;3.5.1!spark-sql-kafka-0-10_2.12.jar (313ms)
[2026-03-26T22:19:49.727+0000] {subprocess.py:106} INFO - downloading https://repo1.maven.org/maven2/org/apache/spark/spark-token-provider-kafka-0-10_2.12/3.5.1/spark-token-provider-kafka-0-10_2.12-3.5.1.jar ...
[2026-03-26T22:19:49.791+0000] {subprocess.py:106} INFO - 	[SUCCESSFUL ] org.apache.spark#spark-token-provider-kafka-0-10_2.12;3.5.1!spark-token-provider-kafka-0-10_2.12.jar (122ms)
[2026-03-26T22:19:49.847+0000] {subprocess.py:106} INFO - downloading https://repo1.maven.org/maven2/org/apache/kafka/kafka-clients/3.4.1/kafka-clients-3.4.1.jar ...
[2026-03-26T22:19:50.649+0000] {subprocess.py:106} INFO - 	[SUCCESSFUL ] org.apache.kafka#kafka-clients;3.4.1!kafka-clients.jar (858ms)
[2026-03-26T22:19:50.706+0000] {subprocess.py:106} INFO - downloading https://repo1.maven.org/maven2/com/google/code/findbugs/jsr305/3.0.0/jsr305-3.0.0.jar ...
[2026-03-26T22:19:50.761+0000] {subprocess.py:106} INFO - 	[SUCCESSFUL ] com.google.code.findbugs#jsr305;3.0.0!jsr305.jar (111ms)
[2026-03-26T22:19:50.812+0000] {subprocess.py:106} INFO - downloading https://repo1.maven.org/maven2/org/apache/commons/commons-pool2/2.11.1/commons-pool2-2.11.1.jar ...
[2026-03-26T22:19:50.880+0000] {subprocess.py:106} INFO - 	[SUCCESSFUL ] org.apache.commons#commons-pool2;2.11.1!commons-pool2.jar (117ms)
[2026-03-26T22:19:50.946+0000] {subprocess.py:106} INFO - downloading https://repo1.maven.org/maven2/org/apache/hadoop/hadoop-client-runtime/3.3.4/hadoop-client-runtime-3.3.4.jar ...
[2026-03-26T22:19:52.634+0000] {subprocess.py:106} INFO - 	[SUCCESSFUL ] org.apache.hadoop#hadoop-client-runtime;3.3.4!hadoop-client-runtime.jar (1754ms)
[2026-03-26T22:19:52.688+0000] {subprocess.py:106} INFO - downloading https://repo1.maven.org/maven2/org/lz4/lz4-java/1.8.0/lz4-java-1.8.0.jar ...
[2026-03-26T22:19:52.781+0000] {subprocess.py:106} INFO - 	[SUCCESSFUL ] org.lz4#lz4-java;1.8.0!lz4-java.jar (146ms)
[2026-03-26T22:19:52.845+0000] {subprocess.py:106} INFO - downloading https://repo1.maven.org/maven2/org/xerial/snappy/snappy-java/1.1.10.3/snappy-java-1.1.10.3.jar ...
[2026-03-26T22:19:53.030+0000] {subprocess.py:106} INFO - 	[SUCCESSFUL ] org.xerial.snappy#snappy-java;1.1.10.3!snappy-java.jar(bundle) (248ms)
[2026-03-26T22:19:53.083+0000] {subprocess.py:106} INFO - downloading https://repo1.maven.org/maven2/org/slf4j/slf4j-api/2.0.7/slf4j-api-2.0.7.jar ...
[2026-03-26T22:19:53.139+0000] {subprocess.py:106} INFO - 	[SUCCESSFUL ] org.slf4j#slf4j-api;2.0.7!slf4j-api.jar (109ms)
[2026-03-26T22:19:53.188+0000] {subprocess.py:106} INFO - downloading https://repo1.maven.org/maven2/org/apache/hadoop/hadoop-client-api/3.3.4/hadoop-client-api-3.3.4.jar ...
[2026-03-26T22:19:54.254+0000] {subprocess.py:106} INFO - 	[SUCCESSFUL ] org.apache.hadoop#hadoop-client-api;3.3.4!hadoop-client-api.jar (1114ms)
[2026-03-26T22:19:54.303+0000] {subprocess.py:106} INFO - downloading https://repo1.maven.org/maven2/commons-logging/commons-logging/1.1.3/commons-logging-1.1.3.jar ...
[2026-03-26T22:19:54.366+0000] {subprocess.py:106} INFO - 	[SUCCESSFUL ] commons-logging#commons-logging;1.1.3!commons-logging.jar (110ms)
[2026-03-26T22:19:54.368+0000] {subprocess.py:106} INFO - :: resolution report :: resolve 8651ms :: artifacts dl 5013ms
[2026-03-26T22:19:54.369+0000] {subprocess.py:106} INFO - 	:: modules in use:
[2026-03-26T22:19:54.369+0000] {subprocess.py:106} INFO - 	com.google.code.findbugs#jsr305;3.0.0 from central in [default]
[2026-03-26T22:19:54.370+0000] {subprocess.py:106} INFO - 	commons-logging#commons-logging;1.1.3 from central in [default]
[2026-03-26T22:19:54.370+0000] {subprocess.py:106} INFO - 	org.apache.commons#commons-pool2;2.11.1 from central in [default]
[2026-03-26T22:19:54.370+0000] {subprocess.py:106} INFO - 	org.apache.hadoop#hadoop-client-api;3.3.4 from central in [default]
[2026-03-26T22:19:54.371+0000] {subprocess.py:106} INFO - 	org.apache.hadoop#hadoop-client-runtime;3.3.4 from central in [default]
[2026-03-26T22:19:54.371+0000] {subprocess.py:106} INFO - 	org.apache.kafka#kafka-clients;3.4.1 from central in [default]
[2026-03-26T22:19:54.371+0000] {subprocess.py:106} INFO - 	org.apache.spark#spark-sql-kafka-0-10_2.12;3.5.1 from central in [default]
[2026-03-26T22:19:54.372+0000] {subprocess.py:106} INFO - 	org.apache.spark#spark-token-provider-kafka-0-10_2.12;3.5.1 from central in [default]
[2026-03-26T22:19:54.372+0000] {subprocess.py:106} INFO - 	org.lz4#lz4-java;1.8.0 from central in [default]
[2026-03-26T22:19:54.373+0000] {subprocess.py:106} INFO - 	org.slf4j#slf4j-api;2.0.7 from central in [default]
[2026-03-26T22:19:54.373+0000] {subprocess.py:106} INFO - 	org.xerial.snappy#snappy-java;1.1.10.3 from central in [default]
[2026-03-26T22:19:54.374+0000] {subprocess.py:106} INFO - 	---------------------------------------------------------------------
[2026-03-26T22:19:54.374+0000] {subprocess.py:106} INFO - 	|                  |            modules            ||   artifacts   |
[2026-03-26T22:19:54.375+0000] {subprocess.py:106} INFO - 	|       conf       | number| search|dwnlded|evicted|| number|dwnlded|
[2026-03-26T22:19:54.375+0000] {subprocess.py:106} INFO - 	---------------------------------------------------------------------
[2026-03-26T22:19:54.375+0000] {subprocess.py:106} INFO - 	|      default     |   11  |   11  |   11  |   0   ||   11  |   11  |
[2026-03-26T22:19:54.376+0000] {subprocess.py:106} INFO - 	---------------------------------------------------------------------
[2026-03-26T22:19:54.376+0000] {subprocess.py:106} INFO - :: retrieving :: org.apache.spark#spark-submit-parent-04feecdf-237e-4b8d-9570-c0cd6d539764
[2026-03-26T22:19:54.376+0000] {subprocess.py:106} INFO - 	confs: [default]
[2026-03-26T22:19:55.047+0000] {subprocess.py:106} INFO - 	11 artifacts copied, 0 already retrieved (56767kB/676ms)
[2026-03-26T22:19:55.492+0000] {subprocess.py:106} INFO - 26/03/26 22:19:55 WARN NativeCodeLoader: Unable to load native-hadoop library for your platform... using builtin-java classes where applicable
[2026-03-26T22:19:55.799+0000] {subprocess.py:106} INFO - Setting default log level to "WARN".
[2026-03-26T22:19:55.801+0000] {subprocess.py:106} INFO - To adjust logging level use sc.setLogLevel(newLevel). For SparkR, use setLogLevel(newLevel).
[2026-03-26T22:20:02.237+0000] {subprocess.py:106} INFO - 26/03/26 22:20:02 WARN ResolveWriteToStream: spark.sql.adaptive.enabled is not supported in streaming DataFrames/Datasets and will be disabled.
[2026-03-26T22:20:03.090+0000] {subprocess.py:106} INFO - 26/03/26 22:20:03 WARN AdminClientConfig: These configurations '[key.deserializer, value.deserializer, enable.auto.commit, max.poll.records, auto.offset.reset]' were supplied but are not used yet.
[2026-03-26T22:20:04.923+0000] {subprocess.py:110} INFO - Command exited with return code 0
[2026-03-26T22:20:04.956+0000] {taskinstance.py:341} INFO - ::group::Post task execution logs
[2026-03-26T22:20:04.958+0000] {taskinstance.py:353} INFO - Marking task as SUCCESS. dag_id=healthcare_pipeline, task_id=consume_encounter_events, run_id=manual__2026-03-26T22:18:39.423845+00:00, execution_date=20260326T221839, start_date=20260326T221927, end_date=20260326T222004
[2026-03-26T22:20:13.000+0000] {adapter.py:146} WARNING - Failed to emit OpenLineage event of id 8f6079d1-f4cc-36fa-816f-37ef82c8b330
[2026-03-26T22:20:13.020+0000] {local_task_job_runner.py:266} INFO - Task exited with return code 0
[2026-03-26T22:20:13.039+0000] {taskinstance.py:3901} INFO - 0 downstream tasks scheduled from follow-on schedule check
[2026-03-26T22:20:13.041+0000] {local_task_job_runner.py:245} INFO - ::endgroup::
