[2026-03-27T01:47:26.534+0000] {local_task_job_runner.py:123} INFO - ::group::Pre task execution logs
[2026-03-27T01:47:26.555+0000] {taskinstance.py:2614} INFO - Dependencies all met for dep_context=non-requeueable deps ti=<TaskInstance: healthcare_pipeline.upload_bronze_to_s3 manual__2026-03-27T01:46:22.234260+00:00 [queued]>
[2026-03-27T01:47:26.562+0000] {taskinstance.py:2614} INFO - Dependencies all met for dep_context=requeueable deps ti=<TaskInstance: healthcare_pipeline.upload_bronze_to_s3 manual__2026-03-27T01:46:22.234260+00:00 [queued]>
[2026-03-27T01:47:26.564+0000] {taskinstance.py:2867} INFO - Starting attempt 1 of 1
[2026-03-27T01:47:26.577+0000] {taskinstance.py:2890} INFO - Executing <Task(BashOperator): upload_bronze_to_s3> on 2026-03-27 01:46:22.234260+00:00
[2026-03-27T01:47:26.584+0000] {standard_task_runner.py:104} INFO - Running: ['***', 'tasks', 'run', 'healthcare_pipeline', 'upload_bronze_to_s3', 'manual__2026-03-27T01:46:22.234260+00:00', '--job-id', '4', '--raw', '--subdir', 'DAGS_FOLDER/healthcare_pipeline_dag.py', '--cfg-path', '/tmp/tmpwzviw3cc']
[2026-03-27T01:47:26.586+0000] {logging_mixin.py:190} WARNING - /home/***/.local/lib/python3.12/site-packages/***/task/task_runner/standard_task_runner.py:70 DeprecationWarning: This process (pid=613) is multi-threaded, use of fork() may lead to deadlocks in the child.
[2026-03-27T01:47:26.587+0000] {standard_task_runner.py:105} INFO - Job 4: Subtask upload_bronze_to_s3
[2026-03-27T01:47:26.587+0000] {standard_task_runner.py:72} INFO - Started process 614 to run task
[2026-03-27T01:47:26.654+0000] {task_command.py:467} INFO - Running <TaskInstance: healthcare_pipeline.upload_bronze_to_s3 manual__2026-03-27T01:46:22.234260+00:00 [running]> on host 74685c193276
[2026-03-27T01:47:26.744+0000] {taskinstance.py:3134} INFO - Exporting env vars: AIRFLOW_CTX_DAG_OWNER='sanjay' AIRFLOW_CTX_DAG_ID='healthcare_pipeline' AIRFLOW_CTX_TASK_ID='upload_bronze_to_s3' AIRFLOW_CTX_EXECUTION_DATE='2026-03-27T01:46:22.234260+00:00' AIRFLOW_CTX_TRY_NUMBER='1' AIRFLOW_CTX_DAG_RUN_ID='manual__2026-03-27T01:46:22.234260+00:00'
[2026-03-27T01:47:26.751+0000] {logging_mixin.py:190} WARNING - /home/***/.local/lib/python3.12/site-packages/***/providers/openlineage/utils/utils.py:284 AirflowProviderDeprecationWarning: Call to deprecated class UnknownOperatorAttributeRunFacet. (To be removed in the next release. Make sure to use information from AirflowRunFacet instead.)
[2026-03-27T01:47:26.756+0000] {logging_mixin.py:190} WARNING - /home/***/.local/lib/python3.12/site-packages/***/providers/openlineage/plugins/adapter.py:81 DeprecationWarning: Using `from_dict` to set transport is deprecated. Use `config` parameter to fully configure OpenLineageClient.
[2026-03-27T01:47:26.758+0000] {client.py:110} INFO - OpenLineageClient will use `http` transport
[2026-03-27T01:47:26.864+0000] {taskinstance.py:732} INFO - ::endgroup::
[2026-03-27T01:47:26.883+0000] {subprocess.py:78} INFO - Tmp dir root location: /tmp
[2026-03-27T01:47:26.884+0000] {subprocess.py:88} INFO - Running command: ['/usr/bin/bash', '-c', '\n        cd /opt/project/scripts &&         python upload_bronze_to_s3.py\n        ']
[2026-03-27T01:47:26.898+0000] {subprocess.py:99} INFO - Output:
[2026-03-27T01:47:36.504+0000] {subprocess.py:106} INFO - Uploaded: /opt/project/data/bronze/encounter_events/part-00000-633a3ca0-ec73-4b95-92ad-c92d3924574c-c000.json -> s3://healthcare-synthea/bronze/encounter_events/part-00000-633a3ca0-ec73-4b95-92ad-c92d3924574c-c000.json
[2026-03-27T01:47:36.506+0000] {subprocess.py:106} INFO - Uploaded: /opt/project/data/bronze/encounter_events/part-00000-ab78b635-cba4-40ff-85ba-d92d40cc0934-c000.json -> s3://healthcare-synthea/bronze/encounter_events/part-00000-ab78b635-cba4-40ff-85ba-d92d40cc0934-c000.json
[2026-03-27T01:47:36.506+0000] {subprocess.py:106} INFO - Upload complete. Total files uploaded: 2
[2026-03-27T01:47:36.582+0000] {subprocess.py:110} INFO - Command exited with return code 0
[2026-03-27T01:47:36.607+0000] {taskinstance.py:341} INFO - ::group::Post task execution logs
[2026-03-27T01:47:36.607+0000] {taskinstance.py:353} INFO - Marking task as SUCCESS. dag_id=healthcare_pipeline, task_id=upload_bronze_to_s3, run_id=manual__2026-03-27T01:46:22.234260+00:00, execution_date=20260327T014622, start_date=20260327T014726, end_date=20260327T014736
[2026-03-27T01:47:36.773+0000] {local_task_job_runner.py:266} INFO - Task exited with return code 0
[2026-03-27T01:47:36.800+0000] {taskinstance.py:3901} INFO - 1 downstream tasks scheduled from follow-on schedule check
[2026-03-27T01:47:36.802+0000] {local_task_job_runner.py:245} INFO - ::endgroup::
