[2026-03-25T21:52:26.746+0000] {local_task_job_runner.py:123} INFO - ::group::Pre task execution logs
[2026-03-25T21:52:26.775+0000] {taskinstance.py:2614} INFO - Dependencies all met for dep_context=non-requeueable deps ti=<TaskInstance: healthcare_pipeline.run_dbt_models manual__2026-03-25T21:48:06.586041+00:00 [queued]>
[2026-03-25T21:52:26.789+0000] {taskinstance.py:2614} INFO - Dependencies all met for dep_context=requeueable deps ti=<TaskInstance: healthcare_pipeline.run_dbt_models manual__2026-03-25T21:48:06.586041+00:00 [queued]>
[2026-03-25T21:52:26.790+0000] {taskinstance.py:2867} INFO - Starting attempt 1 of 1
[2026-03-25T21:52:26.803+0000] {taskinstance.py:2890} INFO - Executing <Task(BashOperator): run_dbt_models> on 2026-03-25 21:48:06.586041+00:00
[2026-03-25T21:52:26.811+0000] {standard_task_runner.py:104} INFO - Running: ['***', 'tasks', 'run', 'healthcare_pipeline', 'run_dbt_models', 'manual__2026-03-25T21:48:06.586041+00:00', '--job-id', '3', '--raw', '--subdir', 'DAGS_FOLDER/healthcare_pipeline_dag.py', '--cfg-path', '/tmp/tmpv4_defnc']
[2026-03-25T21:52:26.813+0000] {standard_task_runner.py:105} INFO - Job 3: Subtask run_dbt_models
[2026-03-25T21:52:26.814+0000] {logging_mixin.py:190} WARNING - /home/***/.local/lib/python3.12/site-packages/***/task/task_runner/standard_task_runner.py:70 DeprecationWarning: This process (pid=619) is multi-threaded, use of fork() may lead to deadlocks in the child.
[2026-03-25T21:52:26.815+0000] {standard_task_runner.py:72} INFO - Started process 620 to run task
[2026-03-25T21:52:26.854+0000] {task_command.py:467} INFO - Running <TaskInstance: healthcare_pipeline.run_dbt_models manual__2026-03-25T21:48:06.586041+00:00 [running]> on host c9cd768f297c
[2026-03-25T21:52:26.933+0000] {taskinstance.py:3134} INFO - Exporting env vars: AIRFLOW_CTX_DAG_OWNER='sanjay' AIRFLOW_CTX_DAG_ID='healthcare_pipeline' AIRFLOW_CTX_TASK_ID='run_dbt_models' AIRFLOW_CTX_EXECUTION_DATE='2026-03-25T21:48:06.586041+00:00' AIRFLOW_CTX_TRY_NUMBER='1' AIRFLOW_CTX_DAG_RUN_ID='manual__2026-03-25T21:48:06.586041+00:00'
[2026-03-25T21:52:26.935+0000] {taskinstance.py:732} INFO - ::endgroup::
[2026-03-25T21:52:26.949+0000] {subprocess.py:78} INFO - Tmp dir root location: /tmp
[2026-03-25T21:52:26.951+0000] {subprocess.py:88} INFO - Running command: ['/usr/bin/bash', '-c', '\n    cd /opt/project/dbt/healthcare_dbt &&     rm -rf target logs dbt_packages &&     dbt run --no-partial-parse --profiles-dir /opt/***/.dbt\n    ']
[2026-03-25T21:52:26.962+0000] {subprocess.py:99} INFO - Output:
[2026-03-25T21:52:29.149+0000] {subprocess.py:106} INFO - [0m21:52:29  Running with dbt=1.11.7
[2026-03-25T21:52:29.994+0000] {subprocess.py:106} INFO - [0m21:52:29  Registered adapter: snowflake=1.11.3
[2026-03-25T21:52:31.343+0000] {subprocess.py:106} INFO - [0m21:52:31  Found 7 models, 11 data tests, 4 sources, 522 macros
[2026-03-25T21:52:31.345+0000] {subprocess.py:106} INFO - [0m21:52:31
[2026-03-25T21:52:31.346+0000] {subprocess.py:106} INFO - [0m21:52:31  Concurrency: 4 threads (target='dev')
[2026-03-25T21:52:31.346+0000] {subprocess.py:106} INFO - [0m21:52:31
[2026-03-25T21:52:43.872+0000] {subprocess.py:106} INFO - [0m21:52:43  1 of 7 START sql view model RAW_STAGING.stg_conditions ......................... [RUN]
[2026-03-25T21:52:43.873+0000] {subprocess.py:106} INFO - [0m21:52:43  2 of 7 START sql view model RAW_STAGING.stg_encounters ......................... [RUN]
[2026-03-25T21:52:43.874+0000] {subprocess.py:106} INFO - [0m21:52:43  3 of 7 START sql view model RAW_STAGING.stg_observations ....................... [RUN]
[2026-03-25T21:52:43.874+0000] {subprocess.py:106} INFO - [0m21:52:43  4 of 7 START sql view model RAW_STAGING.stg_patients ........................... [RUN]
[2026-03-25T21:52:44.275+0000] {subprocess.py:106} INFO - [0m21:52:44  1 of 7 OK created sql view model RAW_STAGING.stg_conditions .................... [[32mSUCCESS 1[0m in 0.39s]
[2026-03-25T21:52:44.276+0000] {subprocess.py:106} INFO - [0m21:52:44  2 of 7 OK created sql view model RAW_STAGING.stg_encounters .................... [[32mSUCCESS 1[0m in 0.40s]
[2026-03-25T21:52:44.280+0000] {subprocess.py:106} INFO - [0m21:52:44  5 of 7 START sql table model RAW_MARTS.mart_condition_prevalence ............... [RUN]
[2026-03-25T21:52:45.606+0000] {subprocess.py:106} INFO - [0m21:52:45  3 of 7 OK created sql view model RAW_STAGING.stg_observations .................. [[32mSUCCESS 1[0m in 1.73s]
[2026-03-25T21:52:45.698+0000] {subprocess.py:106} INFO - [0m21:52:45  4 of 7 OK created sql view model RAW_STAGING.stg_patients ...................... [[32mSUCCESS 1[0m in 1.82s]
[2026-03-25T21:52:45.700+0000] {subprocess.py:106} INFO - [0m21:52:45  6 of 7 START sql table model RAW_MARTS.mart_patient_clinical_summary ........... [RUN]
[2026-03-25T21:52:45.701+0000] {subprocess.py:106} INFO - [0m21:52:45  7 of 7 START sql table model RAW_MARTS.mart_patient_utilization ................ [RUN]
[2026-03-25T21:52:46.062+0000] {subprocess.py:106} INFO - [0m21:52:46  5 of 7 OK created sql table model RAW_MARTS.mart_condition_prevalence .......... [[32mSUCCESS 223[0m in 1.78s]
[2026-03-25T21:52:47.298+0000] {subprocess.py:106} INFO - [0m21:52:47  7 of 7 OK created sql table model RAW_MARTS.mart_patient_utilization ........... [[32mSUCCESS 229[0m in 1.59s]
[2026-03-25T21:52:52.682+0000] {subprocess.py:106} INFO - [0m21:52:52  6 of 7 OK created sql table model RAW_MARTS.mart_patient_clinical_summary ...... [[32mSUCCESS 229[0m in 6.98s]
[2026-03-25T21:52:53.151+0000] {subprocess.py:106} INFO - [0m21:52:53
[2026-03-25T21:52:53.151+0000] {subprocess.py:106} INFO - [0m21:52:53  Finished running 3 table models, 4 view models in 0 hours 0 minutes and 21.80 seconds (21.80s).
[2026-03-25T21:52:53.206+0000] {subprocess.py:106} INFO - [0m21:52:53
[2026-03-25T21:52:53.208+0000] {subprocess.py:106} INFO - [0m21:52:53  [32mCompleted successfully[0m
[2026-03-25T21:52:53.208+0000] {subprocess.py:106} INFO - [0m21:52:53
[2026-03-25T21:52:53.209+0000] {subprocess.py:106} INFO - [0m21:52:53  Done. PASS=7 WARN=0 ERROR=0 SKIP=0 NO-OP=0 TOTAL=7
[2026-03-25T21:52:54.310+0000] {subprocess.py:110} INFO - Command exited with return code 0
[2026-03-25T21:52:54.334+0000] {taskinstance.py:341} INFO - ::group::Post task execution logs
[2026-03-25T21:52:54.334+0000] {taskinstance.py:353} INFO - Marking task as SUCCESS. dag_id=healthcare_pipeline, task_id=run_dbt_models, run_id=manual__2026-03-25T21:48:06.586041+00:00, execution_date=20260325T214806, start_date=20260325T215226, end_date=20260325T215254
[2026-03-25T21:52:54.366+0000] {local_task_job_runner.py:266} INFO - Task exited with return code 0
[2026-03-25T21:52:54.384+0000] {taskinstance.py:3901} INFO - 1 downstream tasks scheduled from follow-on schedule check
[2026-03-25T21:52:54.386+0000] {local_task_job_runner.py:245} INFO - ::endgroup::
