[2026-03-25T20:47:52.594+0000] {local_task_job_runner.py:123} INFO - ::group::Pre task execution logs
[2026-03-25T20:47:52.610+0000] {taskinstance.py:2614} INFO - Dependencies all met for dep_context=non-requeueable deps ti=<TaskInstance: healthcare_pipeline.run_dbt_models manual__2026-03-25T20:43:40.325913+00:00 [queued]>
[2026-03-25T20:47:52.618+0000] {taskinstance.py:2614} INFO - Dependencies all met for dep_context=requeueable deps ti=<TaskInstance: healthcare_pipeline.run_dbt_models manual__2026-03-25T20:43:40.325913+00:00 [queued]>
[2026-03-25T20:47:52.619+0000] {taskinstance.py:2867} INFO - Starting attempt 1 of 1
[2026-03-25T20:47:52.628+0000] {taskinstance.py:2890} INFO - Executing <Task(BashOperator): run_dbt_models> on 2026-03-25 20:43:40.325913+00:00
[2026-03-25T20:47:52.635+0000] {standard_task_runner.py:104} INFO - Running: ['***', 'tasks', 'run', 'healthcare_pipeline', 'run_dbt_models', 'manual__2026-03-25T20:43:40.325913+00:00', '--job-id', '3', '--raw', '--subdir', 'DAGS_FOLDER/healthcare_pipeline_dag.py', '--cfg-path', '/tmp/tmpnspqwabv']
[2026-03-25T20:47:52.637+0000] {logging_mixin.py:190} WARNING - /home/***/.local/lib/python3.12/site-packages/***/task/task_runner/standard_task_runner.py:70 DeprecationWarning: This process (pid=258) is multi-threaded, use of fork() may lead to deadlocks in the child.
[2026-03-25T20:47:52.637+0000] {standard_task_runner.py:105} INFO - Job 3: Subtask run_dbt_models
[2026-03-25T20:47:52.638+0000] {standard_task_runner.py:72} INFO - Started process 259 to run task
[2026-03-25T20:47:52.680+0000] {task_command.py:467} INFO - Running <TaskInstance: healthcare_pipeline.run_dbt_models manual__2026-03-25T20:43:40.325913+00:00 [running]> on host cb8f2e6a1f38
[2026-03-25T20:47:52.743+0000] {taskinstance.py:3134} INFO - Exporting env vars: AIRFLOW_CTX_DAG_OWNER='sanjay' AIRFLOW_CTX_DAG_ID='healthcare_pipeline' AIRFLOW_CTX_TASK_ID='run_dbt_models' AIRFLOW_CTX_EXECUTION_DATE='2026-03-25T20:43:40.325913+00:00' AIRFLOW_CTX_TRY_NUMBER='1' AIRFLOW_CTX_DAG_RUN_ID='manual__2026-03-25T20:43:40.325913+00:00'
[2026-03-25T20:47:52.744+0000] {taskinstance.py:732} INFO - ::endgroup::
[2026-03-25T20:47:52.756+0000] {subprocess.py:78} INFO - Tmp dir root location: /tmp
[2026-03-25T20:47:52.756+0000] {subprocess.py:88} INFO - Running command: ['/usr/bin/bash', '-c', '\n    cd /opt/project/dbt/healthcare_dbt &&     rm -rf target logs dbt_packages &&     dbt run --no-partial-parse --profiles-dir /opt/***/.dbt\n    ']
[2026-03-25T20:47:52.765+0000] {subprocess.py:99} INFO - Output:
[2026-03-25T20:47:54.587+0000] {subprocess.py:106} INFO - [0m20:47:54  Running with dbt=1.11.7
[2026-03-25T20:47:55.396+0000] {subprocess.py:106} INFO - [0m20:47:55  Registered adapter: snowflake=1.11.3
[2026-03-25T20:47:56.719+0000] {subprocess.py:106} INFO - [0m20:47:56  Found 7 models, 11 data tests, 4 sources, 522 macros
[2026-03-25T20:47:56.722+0000] {subprocess.py:106} INFO - [0m20:47:56
[2026-03-25T20:47:56.722+0000] {subprocess.py:106} INFO - [0m20:47:56  Concurrency: 4 threads (target='dev')
[2026-03-25T20:47:56.722+0000] {subprocess.py:106} INFO - [0m20:47:56
[2026-03-25T20:48:04.168+0000] {subprocess.py:106} INFO - [0m20:48:04  1 of 7 START sql view model RAW_STAGING.stg_conditions ......................... [RUN]
[2026-03-25T20:48:04.170+0000] {subprocess.py:106} INFO - [0m20:48:04  2 of 7 START sql view model RAW_STAGING.stg_encounters ......................... [RUN]
[2026-03-25T20:48:04.170+0000] {subprocess.py:106} INFO - [0m20:48:04  3 of 7 START sql view model RAW_STAGING.stg_observations ....................... [RUN]
[2026-03-25T20:48:04.171+0000] {subprocess.py:106} INFO - [0m20:48:04  4 of 7 START sql view model RAW_STAGING.stg_patients ........................... [RUN]
[2026-03-25T20:48:04.570+0000] {subprocess.py:106} INFO - [0m20:48:04  2 of 7 OK created sql view model RAW_STAGING.stg_encounters .................... [[32mSUCCESS 1[0m in 0.40s]
[2026-03-25T20:48:05.941+0000] {subprocess.py:106} INFO - [0m20:48:05  3 of 7 OK created sql view model RAW_STAGING.stg_observations .................. [[32mSUCCESS 1[0m in 1.77s]
[2026-03-25T20:48:06.590+0000] {subprocess.py:106} INFO - [0m20:48:06  4 of 7 OK created sql view model RAW_STAGING.stg_patients ...................... [[32mSUCCESS 1[0m in 2.42s]
[2026-03-25T20:48:06.592+0000] {subprocess.py:106} INFO - [0m20:48:06  5 of 7 START sql table model RAW_MARTS.mart_patient_utilization ................ [RUN]
[2026-03-25T20:48:09.892+0000] {subprocess.py:106} INFO - [0m20:48:09  1 of 7 OK created sql view model RAW_STAGING.stg_conditions .................... [[32mSUCCESS 1[0m in 5.72s]
[2026-03-25T20:48:09.895+0000] {subprocess.py:106} INFO - [0m20:48:09  6 of 7 START sql table model RAW_MARTS.mart_condition_prevalence ............... [RUN]
[2026-03-25T20:48:09.896+0000] {subprocess.py:106} INFO - [0m20:48:09  7 of 7 START sql table model RAW_MARTS.mart_patient_clinical_summary ........... [RUN]
[2026-03-25T20:48:10.798+0000] {subprocess.py:106} INFO - [0m20:48:10  6 of 7 OK created sql table model RAW_MARTS.mart_condition_prevalence .......... [[32mSUCCESS 223[0m in 0.90s]
[2026-03-25T20:48:10.502+0000] {subprocess.py:106} INFO - [0m20:48:10  5 of 7 OK created sql table model RAW_MARTS.mart_patient_utilization ........... [[32mSUCCESS 229[0m in 3.91s]
[2026-03-25T20:48:13.224+0000] {subprocess.py:106} INFO - [0m20:48:13  7 of 7 OK created sql table model RAW_MARTS.mart_patient_clinical_summary ...... [[32mSUCCESS 229[0m in 3.33s]
[2026-03-25T20:48:13.727+0000] {subprocess.py:106} INFO - [0m20:48:13
[2026-03-25T20:48:13.728+0000] {subprocess.py:106} INFO - [0m20:48:13  Finished running 3 table models, 4 view models in 0 hours 0 minutes and 17.00 seconds (17.00s).
[2026-03-25T20:48:13.786+0000] {subprocess.py:106} INFO - [0m20:48:13
[2026-03-25T20:48:13.786+0000] {subprocess.py:106} INFO - [0m20:48:13  [32mCompleted successfully[0m
[2026-03-25T20:48:13.787+0000] {subprocess.py:106} INFO - [0m20:48:13
[2026-03-25T20:48:13.787+0000] {subprocess.py:106} INFO - [0m20:48:13  Done. PASS=7 WARN=0 ERROR=0 SKIP=0 NO-OP=0 TOTAL=7
[2026-03-25T20:48:14.712+0000] {subprocess.py:110} INFO - Command exited with return code 0
[2026-03-25T20:48:14.756+0000] {taskinstance.py:341} INFO - ::group::Post task execution logs
[2026-03-25T20:48:14.757+0000] {taskinstance.py:353} INFO - Marking task as SUCCESS. dag_id=healthcare_pipeline, task_id=run_dbt_models, run_id=manual__2026-03-25T20:43:40.325913+00:00, execution_date=20260325T204340, start_date=20260325T204752, end_date=20260325T204814
[2026-03-25T20:48:14.818+0000] {local_task_job_runner.py:266} INFO - Task exited with return code 0
[2026-03-25T20:48:14.843+0000] {taskinstance.py:3901} INFO - 1 downstream tasks scheduled from follow-on schedule check
[2026-03-25T20:48:14.846+0000] {local_task_job_runner.py:245} INFO - ::endgroup::
