[2026-03-25T20:34:12.150+0000] {local_task_job_runner.py:123} INFO - ::group::Pre task execution logs
[2026-03-25T20:34:12.169+0000] {taskinstance.py:2614} INFO - Dependencies all met for dep_context=non-requeueable deps ti=<TaskInstance: healthcare_pipeline.load_raw_to_snowflake manual__2026-03-25T20:34:11.664433+00:00 [queued]>
[2026-03-25T20:34:12.175+0000] {taskinstance.py:2614} INFO - Dependencies all met for dep_context=requeueable deps ti=<TaskInstance: healthcare_pipeline.load_raw_to_snowflake manual__2026-03-25T20:34:11.664433+00:00 [queued]>
[2026-03-25T20:34:12.176+0000] {taskinstance.py:2867} INFO - Starting attempt 1 of 1
[2026-03-25T20:34:12.186+0000] {taskinstance.py:2890} INFO - Executing <Task(BashOperator): load_raw_to_snowflake> on 2026-03-25 20:34:11.664433+00:00
[2026-03-25T20:34:12.199+0000] {logging_mixin.py:190} WARNING - /home/***/.local/lib/python3.12/site-packages/***/task/task_runner/standard_task_runner.py:70 DeprecationWarning: This process (pid=172) is multi-threaded, use of fork() may lead to deadlocks in the child.
[2026-03-25T20:34:12.197+0000] {standard_task_runner.py:104} INFO - Running: ['***', 'tasks', 'run', 'healthcare_pipeline', 'load_raw_to_snowflake', 'manual__2026-03-25T20:34:11.664433+00:00', '--job-id', '2', '--raw', '--subdir', 'DAGS_FOLDER/healthcare_pipeline_dag.py', '--cfg-path', '/tmp/tmprpwjq873']
[2026-03-25T20:34:12.200+0000] {standard_task_runner.py:72} INFO - Started process 173 to run task
[2026-03-25T20:34:12.201+0000] {standard_task_runner.py:105} INFO - Job 2: Subtask load_raw_to_snowflake
[2026-03-25T20:34:12.257+0000] {task_command.py:467} INFO - Running <TaskInstance: healthcare_pipeline.load_raw_to_snowflake manual__2026-03-25T20:34:11.664433+00:00 [running]> on host fa5a8f2e962f
[2026-03-25T20:34:12.331+0000] {taskinstance.py:3134} INFO - Exporting env vars: AIRFLOW_CTX_DAG_OWNER='sanjay' AIRFLOW_CTX_DAG_ID='healthcare_pipeline' AIRFLOW_CTX_TASK_ID='load_raw_to_snowflake' AIRFLOW_CTX_EXECUTION_DATE='2026-03-25T20:34:11.664433+00:00' AIRFLOW_CTX_TRY_NUMBER='1' AIRFLOW_CTX_DAG_RUN_ID='manual__2026-03-25T20:34:11.664433+00:00'
[2026-03-25T20:34:12.332+0000] {taskinstance.py:732} INFO - ::endgroup::
[2026-03-25T20:34:12.375+0000] {subprocess.py:78} INFO - Tmp dir root location: /tmp
[2026-03-25T20:34:12.377+0000] {subprocess.py:88} INFO - Running command: ['/usr/bin/bash', '-c', '\n    cd /opt/project/scripts &&     python load_s3_to_snowflake.py\n    ']
[2026-03-25T20:34:12.388+0000] {subprocess.py:99} INFO - Output:
[2026-03-25T20:38:33.210+0000] {subprocess.py:106} INFO - Downloading s3://healthcare-synthea/raw/patients/patients.csv -> /tmp/tmpapj7jv0z/patients.csv
[2026-03-25T20:38:33.212+0000] {subprocess.py:106} INFO - Downloading s3://healthcare-synthea/raw/encounters/encounters.csv -> /tmp/tmpapj7jv0z/encounters.csv
[2026-03-25T20:38:33.213+0000] {subprocess.py:106} INFO - Downloading s3://healthcare-synthea/raw/conditions/conditions.csv -> /tmp/tmpapj7jv0z/conditions.csv
[2026-03-25T20:38:33.214+0000] {subprocess.py:106} INFO - Downloading s3://healthcare-synthea/raw/observations/observations.csv -> /tmp/tmpapj7jv0z/observations.csv
[2026-03-25T20:38:33.214+0000] {subprocess.py:106} INFO - Loaded 229 rows into HC_DB.RAW.PATIENTS
[2026-03-25T20:38:33.215+0000] {subprocess.py:106} INFO - Loaded 16931 rows into HC_DB.RAW.ENCOUNTERS
[2026-03-25T20:38:33.215+0000] {subprocess.py:106} INFO - Loaded 8266 rows into HC_DB.RAW.CONDITIONS
[2026-03-25T20:38:33.215+0000] {subprocess.py:106} INFO - Loaded 183334 rows into HC_DB.RAW.OBSERVATIONS
[2026-03-25T20:38:33.216+0000] {subprocess.py:106} INFO - S3 to Snowflake load completed successfully.
[2026-03-25T20:38:33.514+0000] {subprocess.py:110} INFO - Command exited with return code 0
[2026-03-25T20:38:33.542+0000] {taskinstance.py:341} INFO - ::group::Post task execution logs
[2026-03-25T20:38:33.543+0000] {taskinstance.py:353} INFO - Marking task as SUCCESS. dag_id=healthcare_pipeline, task_id=load_raw_to_snowflake, run_id=manual__2026-03-25T20:34:11.664433+00:00, execution_date=20260325T203411, start_date=20260325T203412, end_date=20260325T203833
[2026-03-25T20:38:33.609+0000] {local_task_job_runner.py:266} INFO - Task exited with return code 0
[2026-03-25T20:38:33.638+0000] {taskinstance.py:3901} INFO - 1 downstream tasks scheduled from follow-on schedule check
[2026-03-25T20:38:33.640+0000] {local_task_job_runner.py:245} INFO - ::endgroup::
