[2026-03-25T23:30:24.958+0000] {local_task_job_runner.py:123} INFO - ::group::Pre task execution logs
[2026-03-25T23:30:24.976+0000] {taskinstance.py:2614} INFO - Dependencies all met for dep_context=non-requeueable deps ti=<TaskInstance: healthcare_pipeline.run_dbt_models manual__2026-03-25T23:25:27.282668+00:00 [queued]>
[2026-03-25T23:30:24.986+0000] {taskinstance.py:2614} INFO - Dependencies all met for dep_context=requeueable deps ti=<TaskInstance: healthcare_pipeline.run_dbt_models manual__2026-03-25T23:25:27.282668+00:00 [queued]>
[2026-03-25T23:30:24.987+0000] {taskinstance.py:2867} INFO - Starting attempt 1 of 1
[2026-03-25T23:30:24.998+0000] {taskinstance.py:2890} INFO - Executing <Task(BashOperator): run_dbt_models> on 2026-03-25 23:25:27.282668+00:00
[2026-03-25T23:30:25.007+0000] {standard_task_runner.py:104} INFO - Running: ['***', 'tasks', 'run', 'healthcare_pipeline', 'run_dbt_models', 'manual__2026-03-25T23:25:27.282668+00:00', '--job-id', '6', '--raw', '--subdir', 'DAGS_FOLDER/healthcare_pipeline_dag.py', '--cfg-path', '/tmp/tmpkvu1zmgi']
[2026-03-25T23:30:25.009+0000] {standard_task_runner.py:105} INFO - Job 6: Subtask run_dbt_models
[2026-03-25T23:30:25.009+0000] {logging_mixin.py:190} WARNING - /home/***/.local/lib/python3.12/site-packages/***/task/task_runner/standard_task_runner.py:70 DeprecationWarning: This process (pid=1906) is multi-threaded, use of fork() may lead to deadlocks in the child.
[2026-03-25T23:30:25.010+0000] {standard_task_runner.py:72} INFO - Started process 1907 to run task
[2026-03-25T23:30:25.054+0000] {task_command.py:467} INFO - Running <TaskInstance: healthcare_pipeline.run_dbt_models manual__2026-03-25T23:25:27.282668+00:00 [running]> on host 0b22c2b36099
[2026-03-25T23:30:25.126+0000] {taskinstance.py:3134} INFO - Exporting env vars: AIRFLOW_CTX_DAG_OWNER='sanjay' AIRFLOW_CTX_DAG_ID='healthcare_pipeline' AIRFLOW_CTX_TASK_ID='run_dbt_models' AIRFLOW_CTX_EXECUTION_DATE='2026-03-25T23:25:27.282668+00:00' AIRFLOW_CTX_TRY_NUMBER='1' AIRFLOW_CTX_DAG_RUN_ID='manual__2026-03-25T23:25:27.282668+00:00'
[2026-03-25T23:30:25.127+0000] {taskinstance.py:732} INFO - ::endgroup::
[2026-03-25T23:30:25.141+0000] {subprocess.py:78} INFO - Tmp dir root location: /tmp
[2026-03-25T23:30:25.143+0000] {subprocess.py:88} INFO - Running command: ['/usr/bin/bash', '-c', '\n    cd /opt/project/dbt/healthcare_dbt &&     rm -rf target logs dbt_packages &&     dbt run --no-partial-parse --profiles-dir /opt/***/.dbt\n    ']
[2026-03-25T23:30:25.153+0000] {subprocess.py:99} INFO - Output:
[2026-03-25T23:30:27.480+0000] {subprocess.py:106} INFO - [0m23:30:27  Running with dbt=1.11.7
[2026-03-25T23:30:28.413+0000] {subprocess.py:106} INFO - [0m23:30:28  Registered adapter: snowflake=1.11.3
[2026-03-25T23:30:29.853+0000] {subprocess.py:106} INFO - [0m23:30:29  Found 7 models, 11 data tests, 4 sources, 522 macros
[2026-03-25T23:30:29.856+0000] {subprocess.py:106} INFO - [0m23:30:29
[2026-03-25T23:30:29.857+0000] {subprocess.py:106} INFO - [0m23:30:29  Concurrency: 4 threads (target='dev')
[2026-03-25T23:30:29.857+0000] {subprocess.py:106} INFO - [0m23:30:29
[2026-03-25T23:30:42.478+0000] {subprocess.py:106} INFO - [0m23:30:42  1 of 7 START sql view model RAW_STAGING.stg_conditions ......................... [RUN]
[2026-03-25T23:30:42.480+0000] {subprocess.py:106} INFO - [0m23:30:42  2 of 7 START sql view model RAW_STAGING.stg_encounters ......................... [RUN]
[2026-03-25T23:30:42.481+0000] {subprocess.py:106} INFO - [0m23:30:42  3 of 7 START sql view model RAW_STAGING.stg_observations ....................... [RUN]
[2026-03-25T23:30:42.481+0000] {subprocess.py:106} INFO - [0m23:30:42  4 of 7 START sql view model RAW_STAGING.stg_patients ........................... [RUN]
[2026-03-25T23:30:40.158+0000] {subprocess.py:106} INFO - [0m23:30:40  2 of 7 OK created sql view model RAW_STAGING.stg_encounters .................... [[32mSUCCESS 1[0m in -2.33s]
[2026-03-25T23:30:40.159+0000] {subprocess.py:106} INFO - [0m23:30:40  1 of 7 OK created sql view model RAW_STAGING.stg_conditions .................... [[32mSUCCESS 1[0m in -2.33s]
[2026-03-25T23:30:40.163+0000] {subprocess.py:106} INFO - [0m23:30:40  5 of 7 START sql table model RAW_MARTS.mart_condition_prevalence ............... [RUN]
[2026-03-25T23:30:41.450+0000] {subprocess.py:106} INFO - [0m23:30:41  3 of 7 OK created sql view model RAW_STAGING.stg_observations .................. [[32mSUCCESS 1[0m in -1.04s]
[2026-03-25T23:30:41.573+0000] {subprocess.py:106} INFO - [0m23:30:41  5 of 7 OK created sql table model RAW_MARTS.mart_condition_prevalence .......... [[32mSUCCESS 223[0m in 1.41s]
[2026-03-25T23:30:41.886+0000] {subprocess.py:106} INFO - [0m23:30:41  4 of 7 OK created sql view model RAW_STAGING.stg_patients ...................... [[32mSUCCESS 1[0m in -0.60s]
[2026-03-25T23:30:41.890+0000] {subprocess.py:106} INFO - [0m23:30:41  6 of 7 START sql table model RAW_MARTS.mart_patient_clinical_summary ........... [RUN]
[2026-03-25T23:30:41.890+0000] {subprocess.py:106} INFO - [0m23:30:41  7 of 7 START sql table model RAW_MARTS.mart_patient_utilization ................ [RUN]
[2026-03-25T23:30:43.965+0000] {subprocess.py:106} INFO - [0m23:30:43  6 of 7 OK created sql table model RAW_MARTS.mart_patient_clinical_summary ...... [[32mSUCCESS 229[0m in 2.07s]
[2026-03-25T23:30:44.136+0000] {subprocess.py:106} INFO - [0m23:30:44  7 of 7 OK created sql table model RAW_MARTS.mart_patient_utilization ........... [[32mSUCCESS 229[0m in 2.24s]
[2026-03-25T23:30:44.706+0000] {subprocess.py:106} INFO - [0m23:30:44
[2026-03-25T23:30:44.706+0000] {subprocess.py:106} INFO - [0m23:30:44  Finished running 3 table models, 4 view models in 0 hours 0 minutes and 14.85 seconds (14.85s).
[2026-03-25T23:30:44.760+0000] {subprocess.py:106} INFO - [0m23:30:44
[2026-03-25T23:30:44.761+0000] {subprocess.py:106} INFO - [0m23:30:44  [32mCompleted successfully[0m
[2026-03-25T23:30:44.761+0000] {subprocess.py:106} INFO - [0m23:30:44
[2026-03-25T23:30:44.761+0000] {subprocess.py:106} INFO - [0m23:30:44  Done. PASS=7 WARN=0 ERROR=0 SKIP=0 NO-OP=0 TOTAL=7
[2026-03-25T23:30:45.782+0000] {subprocess.py:110} INFO - Command exited with return code 0
[2026-03-25T23:30:45.805+0000] {taskinstance.py:341} INFO - ::group::Post task execution logs
[2026-03-25T23:30:45.806+0000] {taskinstance.py:353} INFO - Marking task as SUCCESS. dag_id=healthcare_pipeline, task_id=run_dbt_models, run_id=manual__2026-03-25T23:25:27.282668+00:00, execution_date=20260325T232527, start_date=20260325T233024, end_date=20260325T233045
[2026-03-25T23:30:45.863+0000] {local_task_job_runner.py:266} INFO - Task exited with return code 0
[2026-03-25T23:30:45.882+0000] {taskinstance.py:3901} INFO - 1 downstream tasks scheduled from follow-on schedule check
[2026-03-25T23:30:45.884+0000] {local_task_job_runner.py:245} INFO - ::endgroup::
