[2026-03-27T02:18:19.947+0000] {local_task_job_runner.py:123} INFO - ::group::Pre task execution logs
[2026-03-27T02:18:19.963+0000] {taskinstance.py:2614} INFO - Dependencies all met for dep_context=non-requeueable deps ti=<TaskInstance: healthcare_pipeline.load_raw_to_snowflake manual__2026-03-27T02:17:02.800819+00:00 [queued]>
[2026-03-27T02:18:19.970+0000] {taskinstance.py:2614} INFO - Dependencies all met for dep_context=requeueable deps ti=<TaskInstance: healthcare_pipeline.load_raw_to_snowflake manual__2026-03-27T02:17:02.800819+00:00 [queued]>
[2026-03-27T02:18:19.971+0000] {taskinstance.py:2867} INFO - Starting attempt 1 of 1
[2026-03-27T02:18:19.980+0000] {taskinstance.py:2890} INFO - Executing <Task(BashOperator): load_raw_to_snowflake> on 2026-03-27 02:17:02.800819+00:00
[2026-03-27T02:18:19.987+0000] {standard_task_runner.py:104} INFO - Running: ['***', 'tasks', 'run', 'healthcare_pipeline', 'load_raw_to_snowflake', 'manual__2026-03-27T02:17:02.800819+00:00', '--job-id', '5', '--raw', '--subdir', 'DAGS_FOLDER/healthcare_pipeline_dag.py', '--cfg-path', '/tmp/tmpmbujtu4w']
[2026-03-27T02:18:19.989+0000] {standard_task_runner.py:105} INFO - Job 5: Subtask load_raw_to_snowflake
[2026-03-27T02:18:19.989+0000] {logging_mixin.py:190} WARNING - /home/***/.local/lib/python3.12/site-packages/***/task/task_runner/standard_task_runner.py:70 DeprecationWarning: This process (pid=624) is multi-threaded, use of fork() may lead to deadlocks in the child.
[2026-03-27T02:18:19.990+0000] {standard_task_runner.py:72} INFO - Started process 625 to run task
[2026-03-27T02:18:20.025+0000] {task_command.py:467} INFO - Running <TaskInstance: healthcare_pipeline.load_raw_to_snowflake manual__2026-03-27T02:17:02.800819+00:00 [running]> on host e30035825e52
[2026-03-27T02:18:20.080+0000] {taskinstance.py:3134} INFO - Exporting env vars: AIRFLOW_CTX_DAG_OWNER='sanjay' AIRFLOW_CTX_DAG_ID='healthcare_pipeline' AIRFLOW_CTX_TASK_ID='load_raw_to_snowflake' AIRFLOW_CTX_EXECUTION_DATE='2026-03-27T02:17:02.800819+00:00' AIRFLOW_CTX_TRY_NUMBER='1' AIRFLOW_CTX_DAG_RUN_ID='manual__2026-03-27T02:17:02.800819+00:00'
[2026-03-27T02:18:20.084+0000] {logging_mixin.py:190} WARNING - /home/***/.local/lib/python3.12/site-packages/***/providers/openlineage/utils/utils.py:284 AirflowProviderDeprecationWarning: Call to deprecated class UnknownOperatorAttributeRunFacet. (To be removed in the next release. Make sure to use information from AirflowRunFacet instead.)
[2026-03-27T02:18:20.086+0000] {logging_mixin.py:190} WARNING - /home/***/.local/lib/python3.12/site-packages/***/providers/openlineage/plugins/adapter.py:81 DeprecationWarning: Using `from_dict` to set transport is deprecated. Use `config` parameter to fully configure OpenLineageClient.
[2026-03-27T02:18:20.087+0000] {client.py:110} INFO - OpenLineageClient will use `http` transport
[2026-03-27T02:18:20.129+0000] {taskinstance.py:732} INFO - ::endgroup::
[2026-03-27T02:18:20.139+0000] {subprocess.py:78} INFO - Tmp dir root location: /tmp
[2026-03-27T02:18:20.140+0000] {subprocess.py:88} INFO - Running command: ['/usr/bin/bash', '-c', '\n        cd /opt/project/scripts &&         python load_s3_pyspark_to_snowflake.py\n        ']
[2026-03-27T02:18:20.148+0000] {subprocess.py:99} INFO - Output:
[2026-03-27T02:19:15.558+0000] {subprocess.py:106} INFO - /home/***/.local/lib/python3.12/site-packages/pyspark/bin/load-spark-env.sh: line 68: ps: command not found
[2026-03-27T02:19:16.600+0000] {subprocess.py:106} INFO - Setting default log level to "WARN".
[2026-03-27T02:19:16.601+0000] {subprocess.py:106} INFO - To adjust logging level use sc.setLogLevel(newLevel). For SparkR, use setLogLevel(newLevel).
[2026-03-27T02:19:16.729+0000] {subprocess.py:106} INFO - 26/03/27 02:19:16 WARN NativeCodeLoader: Unable to load native-hadoop library for your platform... using builtin-java classes where applicable
[2026-03-27T02:19:22.033+0000] {subprocess.py:106} INFO - 26/03/27 02:19:22 WARN SparkStringUtils: Truncated the string representation of a plan since it was too large. This behavior can be adjusted by setting 'spark.sql.debug.maxToStringFields'.
[2026-03-27T02:19:25.952+0000] {subprocess.py:106} INFO - [Stage 3:>                                                          (0 + 1) / 1]                                                                                [Stage 7:>                                                          (0 + 1) / 1]                                                                                Cleaned file written to: /tmp/tmpqtzkjsfu/clean/patients
[2026-03-27T02:19:25.953+0000] {subprocess.py:106} INFO - Cleaned file written to: /tmp/tmpqtzkjsfu/clean/encounters
[2026-03-27T02:19:25.954+0000] {subprocess.py:106} INFO - Cleaned file written to: /tmp/tmpqtzkjsfu/clean/conditions
[2026-03-27T02:19:25.954+0000] {subprocess.py:106} INFO - Cleaned file written to: /tmp/tmpqtzkjsfu/clean/observations
[2026-03-27T02:19:31.551+0000] {subprocess.py:106} INFO - Great Expectations validation passed for all datasets.
[2026-03-27T02:23:22.980+0000] {subprocess.py:106} INFO - Downloading s3://healthcare-synthea/raw/patients/patients.csv -> /tmp/tmpqtzkjsfu/raw/patients.csv
[2026-03-27T02:23:22.981+0000] {subprocess.py:106} INFO - Downloading s3://healthcare-synthea/raw/encounters/encounters.csv -> /tmp/tmpqtzkjsfu/raw/encounters.csv
[2026-03-27T02:23:22.982+0000] {subprocess.py:106} INFO - Downloading s3://healthcare-synthea/raw/conditions/conditions.csv -> /tmp/tmpqtzkjsfu/raw/conditions.csv
[2026-03-27T02:23:22.982+0000] {subprocess.py:106} INFO - Downloading s3://healthcare-synthea/raw/observations/observations.csv -> /tmp/tmpqtzkjsfu/raw/observations.csv
[2026-03-27T02:23:22.983+0000] {subprocess.py:106} INFO - Loaded 229 rows into HC_DB.RAW.PATIENTS
[2026-03-27T02:23:22.983+0000] {subprocess.py:106} INFO - Loaded 16931 rows into HC_DB.RAW.ENCOUNTERS
[2026-03-27T02:23:22.984+0000] {subprocess.py:106} INFO - Loaded 8266 rows into HC_DB.RAW.CONDITIONS
[2026-03-27T02:23:22.984+0000] {subprocess.py:106} INFO - Loaded 183334 rows into HC_DB.RAW.OBSERVATIONS
[2026-03-27T02:23:22.984+0000] {subprocess.py:106} INFO - S3 -> PySpark -> Snowflake completed successfully.
[2026-03-27T02:23:23.204+0000] {subprocess.py:110} INFO - Command exited with return code 0
[2026-03-27T02:23:23.255+0000] {taskinstance.py:341} INFO - ::group::Post task execution logs
[2026-03-27T02:23:23.256+0000] {taskinstance.py:353} INFO - Marking task as SUCCESS. dag_id=healthcare_pipeline, task_id=load_raw_to_snowflake, run_id=manual__2026-03-27T02:17:02.800819+00:00, execution_date=20260327T021702, start_date=20260327T021819, end_date=20260327T022323
[2026-03-27T02:23:23.382+0000] {local_task_job_runner.py:266} INFO - Task exited with return code 0
[2026-03-27T02:23:23.410+0000] {taskinstance.py:3901} INFO - 1 downstream tasks scheduled from follow-on schedule check
[2026-03-27T02:23:23.412+0000] {local_task_job_runner.py:245} INFO - ::endgroup::
