[2026-03-25T18:55:12.237+0000] {local_task_job_runner.py:123} INFO - ::group::Pre task execution logs
[2026-03-25T18:55:12.257+0000] {taskinstance.py:2614} INFO - Dependencies all met for dep_context=non-requeueable deps ti=<TaskInstance: healthcare_pipeline.run_dbt_models manual__2026-03-25T18:50:50.058126+00:00 [queued]>
[2026-03-25T18:55:12.265+0000] {taskinstance.py:2614} INFO - Dependencies all met for dep_context=requeueable deps ti=<TaskInstance: healthcare_pipeline.run_dbt_models manual__2026-03-25T18:50:50.058126+00:00 [queued]>
[2026-03-25T18:55:12.266+0000] {taskinstance.py:2867} INFO - Starting attempt 1 of 1
[2026-03-25T18:55:12.275+0000] {taskinstance.py:2890} INFO - Executing <Task(BashOperator): run_dbt_models> on 2026-03-25 18:50:50.058126+00:00
[2026-03-25T18:55:12.283+0000] {standard_task_runner.py:104} INFO - Running: ['***', 'tasks', 'run', 'healthcare_pipeline', 'run_dbt_models', 'manual__2026-03-25T18:50:50.058126+00:00', '--job-id', '3', '--raw', '--subdir', 'DAGS_FOLDER/healthcare_pipeline_dag.py', '--cfg-path', '/tmp/tmp7cs1q9bp']
[2026-03-25T18:55:12.284+0000] {standard_task_runner.py:105} INFO - Job 3: Subtask run_dbt_models
[2026-03-25T18:55:12.285+0000] {logging_mixin.py:190} WARNING - /home/***/.local/lib/python3.12/site-packages/***/task/task_runner/standard_task_runner.py:70 DeprecationWarning: This process (pid=246) is multi-threaded, use of fork() may lead to deadlocks in the child.
[2026-03-25T18:55:12.285+0000] {standard_task_runner.py:72} INFO - Started process 247 to run task
[2026-03-25T18:55:12.327+0000] {task_command.py:467} INFO - Running <TaskInstance: healthcare_pipeline.run_dbt_models manual__2026-03-25T18:50:50.058126+00:00 [running]> on host 8b85d9694345
[2026-03-25T18:55:12.388+0000] {taskinstance.py:3134} INFO - Exporting env vars: AIRFLOW_CTX_DAG_OWNER='sanjay' AIRFLOW_CTX_DAG_ID='healthcare_pipeline' AIRFLOW_CTX_TASK_ID='run_dbt_models' AIRFLOW_CTX_EXECUTION_DATE='2026-03-25T18:50:50.058126+00:00' AIRFLOW_CTX_TRY_NUMBER='1' AIRFLOW_CTX_DAG_RUN_ID='manual__2026-03-25T18:50:50.058126+00:00'
[2026-03-25T18:55:12.389+0000] {taskinstance.py:732} INFO - ::endgroup::
[2026-03-25T18:55:12.400+0000] {subprocess.py:78} INFO - Tmp dir root location: /tmp
[2026-03-25T18:55:12.402+0000] {subprocess.py:88} INFO - Running command: ['/usr/bin/bash', '-c', '\n        cd /opt/project/dbt/healthcare_dbt &&         dbt run --profiles-dir /opt/***/.dbt\n        ']
[2026-03-25T18:55:12.411+0000] {subprocess.py:99} INFO - Output:
[2026-03-25T18:55:14.460+0000] {subprocess.py:106} INFO - [0m18:55:14  Running with dbt=1.11.7
[2026-03-25T18:55:15.353+0000] {subprocess.py:106} INFO - [0m18:55:15  Registered adapter: snowflake=1.11.3
[2026-03-25T18:55:15.842+0000] {subprocess.py:106} INFO - [0m18:55:15  Encountered an error:
[2026-03-25T18:55:15.842+0000] {subprocess.py:106} INFO - 'dbt_snowflake://macros/catalog.sql'
[2026-03-25T18:55:15.843+0000] {subprocess.py:106} INFO - [0m18:55:15  Traceback (most recent call last):
[2026-03-25T18:55:15.843+0000] {subprocess.py:106} INFO -   File "/home/***/.local/lib/python3.12/site-packages/dbt/cli/requires.py", line 182, in wrapper
[2026-03-25T18:55:15.844+0000] {subprocess.py:106} INFO -     result, success = func(*args, **kwargs)
[2026-03-25T18:55:15.844+0000] {subprocess.py:106} INFO -                       ^^^^^^^^^^^^^^^^^^^^^
[2026-03-25T18:55:15.845+0000] {subprocess.py:106} INFO -   File "/home/***/.local/lib/python3.12/site-packages/dbt/cli/requires.py", line 128, in wrapper
[2026-03-25T18:55:15.845+0000] {subprocess.py:106} INFO -     return func(*args, **kwargs)
[2026-03-25T18:55:15.845+0000] {subprocess.py:106} INFO -            ^^^^^^^^^^^^^^^^^^^^^
[2026-03-25T18:55:15.846+0000] {subprocess.py:106} INFO -   File "/home/***/.local/lib/python3.12/site-packages/dbt/cli/requires.py", line 276, in wrapper
[2026-03-25T18:55:15.846+0000] {subprocess.py:106} INFO -     return func(*args, **kwargs)
[2026-03-25T18:55:15.846+0000] {subprocess.py:106} INFO -            ^^^^^^^^^^^^^^^^^^^^^
[2026-03-25T18:55:15.847+0000] {subprocess.py:106} INFO -   File "/home/***/.local/lib/python3.12/site-packages/dbt/cli/requires.py", line 321, in wrapper
[2026-03-25T18:55:15.847+0000] {subprocess.py:106} INFO -     return func(*args, **kwargs)
[2026-03-25T18:55:15.847+0000] {subprocess.py:106} INFO -            ^^^^^^^^^^^^^^^^^^^^^
[2026-03-25T18:55:15.848+0000] {subprocess.py:106} INFO -   File "/home/***/.local/lib/python3.12/site-packages/dbt/cli/requires.py", line 391, in wrapper
[2026-03-25T18:55:15.848+0000] {subprocess.py:106} INFO -     return func(*args, **kwargs)
[2026-03-25T18:55:15.848+0000] {subprocess.py:106} INFO -            ^^^^^^^^^^^^^^^^^^^^^
[2026-03-25T18:55:15.849+0000] {subprocess.py:106} INFO -   File "/home/***/.local/lib/python3.12/site-packages/dbt/cli/requires.py", line 368, in wrapper
[2026-03-25T18:55:15.849+0000] {subprocess.py:106} INFO -     return func(*args, **kwargs)
[2026-03-25T18:55:15.850+0000] {subprocess.py:106} INFO -            ^^^^^^^^^^^^^^^^^^^^^
[2026-03-25T18:55:15.850+0000] {subprocess.py:106} INFO -   File "/home/***/.local/lib/python3.12/site-packages/dbt/cli/requires.py", line 407, in wrapper
[2026-03-25T18:55:15.851+0000] {subprocess.py:106} INFO -     setup_manifest(ctx, write=write, write_perf_info=write_perf_info)
[2026-03-25T18:55:15.851+0000] {subprocess.py:106} INFO -   File "/home/***/.local/lib/python3.12/site-packages/dbt/cli/requires.py", line 434, in setup_manifest
[2026-03-25T18:55:15.852+0000] {subprocess.py:106} INFO -     ctx.obj["manifest"] = parse_manifest(
[2026-03-25T18:55:15.852+0000] {subprocess.py:106} INFO -                           ^^^^^^^^^^^^^^^
[2026-03-25T18:55:15.853+0000] {subprocess.py:106} INFO -   File "/home/***/.local/lib/python3.12/site-packages/dbt/parser/manifest.py", line 2257, in parse_manifest
[2026-03-25T18:55:15.853+0000] {subprocess.py:106} INFO -     manifest = ManifestLoader.get_full_manifest(
[2026-03-25T18:55:15.853+0000] {subprocess.py:106} INFO -                ^^^^^^^^^^^^^^^^^^^^^^^^^^^^^^^^^
[2026-03-25T18:55:15.853+0000] {subprocess.py:106} INFO -   File "/home/***/.local/lib/python3.12/site-packages/dbt/parser/manifest.py", line 323, in get_full_manifest
[2026-03-25T18:55:15.854+0000] {subprocess.py:106} INFO -     manifest = loader.load()
[2026-03-25T18:55:15.854+0000] {subprocess.py:106} INFO -                ^^^^^^^^^^^^^
[2026-03-25T18:55:15.854+0000] {subprocess.py:106} INFO -   File "/home/***/.local/lib/python3.12/site-packages/dbt/parser/manifest.py", line 392, in load
[2026-03-25T18:55:15.855+0000] {subprocess.py:106} INFO -     self.load_and_parse_macros(project_parser_files)
[2026-03-25T18:55:15.855+0000] {subprocess.py:106} INFO -   File "/home/***/.local/lib/python3.12/site-packages/dbt/parser/manifest.py", line 707, in load_and_parse_macros
[2026-03-25T18:55:15.855+0000] {subprocess.py:106} INFO -     block = FileBlock(self.manifest.files[file_id])
[2026-03-25T18:55:15.856+0000] {subprocess.py:106} INFO -                       ~~~~~~~~~~~~~~~~~~~^^^^^^^^^
[2026-03-25T18:55:15.856+0000] {subprocess.py:106} INFO - KeyError: 'dbt_snowflake://macros/catalog.sql'
[2026-03-25T18:55:15.856+0000] {subprocess.py:106} INFO - 
[2026-03-25T18:55:16.682+0000] {subprocess.py:110} INFO - Command exited with return code 2
[2026-03-25T18:55:16.692+0000] {taskinstance.py:3313} ERROR - Task failed with exception
Traceback (most recent call last):
  File "/home/airflow/.local/lib/python3.12/site-packages/airflow/models/taskinstance.py", line 768, in _execute_task
    result = _execute_callable(context=context, **execute_callable_kwargs)
             ^^^^^^^^^^^^^^^^^^^^^^^^^^^^^^^^^^^^^^^^^^^^^^^^^^^^^^^^^^^^^
  File "/home/airflow/.local/lib/python3.12/site-packages/airflow/models/taskinstance.py", line 734, in _execute_callable
    return ExecutionCallableRunner(
           ^^^^^^^^^^^^^^^^^^^^^^^^
  File "/home/airflow/.local/lib/python3.12/site-packages/airflow/utils/operator_helpers.py", line 252, in run
    return self.func(*args, **kwargs)
           ^^^^^^^^^^^^^^^^^^^^^^^^^^
  File "/home/airflow/.local/lib/python3.12/site-packages/airflow/models/baseoperator.py", line 424, in wrapper
    return func(self, *args, **kwargs)
           ^^^^^^^^^^^^^^^^^^^^^^^^^^^
  File "/home/airflow/.local/lib/python3.12/site-packages/airflow/operators/bash.py", line 276, in execute
    raise AirflowException(
airflow.exceptions.AirflowException: Bash command failed. The command returned a non-zero exit code 2.
[2026-03-25T18:55:16.696+0000] {taskinstance.py:1226} INFO - Marking task as FAILED. dag_id=healthcare_pipeline, task_id=run_dbt_models, run_id=manual__2026-03-25T18:50:50.058126+00:00, execution_date=20260325T185050, start_date=20260325T185512, end_date=20260325T185516
[2026-03-25T18:55:16.719+0000] {taskinstance.py:341} INFO - ::group::Post task execution logs
[2026-03-25T18:55:16.720+0000] {standard_task_runner.py:124} ERROR - Failed to execute job 3 for task run_dbt_models (Bash command failed. The command returned a non-zero exit code 2.; 247)
Traceback (most recent call last):
  File "/home/airflow/.local/lib/python3.12/site-packages/airflow/task/task_runner/standard_task_runner.py", line 117, in _start_by_fork
    ret = args.func(args, dag=self.dag)
          ^^^^^^^^^^^^^^^^^^^^^^^^^^^^^
  File "/home/airflow/.local/lib/python3.12/site-packages/airflow/cli/cli_config.py", line 49, in command
    return func(*args, **kwargs)
           ^^^^^^^^^^^^^^^^^^^^^
  File "/home/airflow/.local/lib/python3.12/site-packages/airflow/utils/cli.py", line 116, in wrapper
    return f(*args, **kwargs)
           ^^^^^^^^^^^^^^^^^^
  File "/home/airflow/.local/lib/python3.12/site-packages/airflow/cli/commands/task_command.py", line 483, in task_run
    task_return_code = _run_task_by_selected_method(args, _dag, ti)
                       ^^^^^^^^^^^^^^^^^^^^^^^^^^^^^^^^^^^^^^^^^^^^
  File "/home/airflow/.local/lib/python3.12/site-packages/airflow/cli/commands/task_command.py", line 256, in _run_task_by_selected_method
    return _run_raw_task(args, ti)
           ^^^^^^^^^^^^^^^^^^^^^^^
  File "/home/airflow/.local/lib/python3.12/site-packages/airflow/cli/commands/task_command.py", line 341, in _run_raw_task
    return ti._run_raw_task(
           ^^^^^^^^^^^^^^^^^
  File "/home/airflow/.local/lib/python3.12/site-packages/airflow/utils/session.py", line 97, in wrapper
    return func(*args, session=session, **kwargs)
           ^^^^^^^^^^^^^^^^^^^^^^^^^^^^^^^^^^^^^^
  File "/home/airflow/.local/lib/python3.12/site-packages/airflow/models/taskinstance.py", line 3006, in _run_raw_task
    return _run_raw_task(
           ^^^^^^^^^^^^^^
  File "/home/airflow/.local/lib/python3.12/site-packages/airflow/models/taskinstance.py", line 274, in _run_raw_task
    TaskInstance._execute_task_with_callbacks(
  File "/home/airflow/.local/lib/python3.12/site-packages/airflow/models/taskinstance.py", line 3161, in _execute_task_with_callbacks
    result = self._execute_task(context, task_orig)
             ^^^^^^^^^^^^^^^^^^^^^^^^^^^^^^^^^^^^^^
  File "/home/airflow/.local/lib/python3.12/site-packages/airflow/models/taskinstance.py", line 3185, in _execute_task
    return _execute_task(self, context, task_orig)
           ^^^^^^^^^^^^^^^^^^^^^^^^^^^^^^^^^^^^^^^
  File "/home/airflow/.local/lib/python3.12/site-packages/airflow/models/taskinstance.py", line 768, in _execute_task
    result = _execute_callable(context=context, **execute_callable_kwargs)
             ^^^^^^^^^^^^^^^^^^^^^^^^^^^^^^^^^^^^^^^^^^^^^^^^^^^^^^^^^^^^^
  File "/home/airflow/.local/lib/python3.12/site-packages/airflow/models/taskinstance.py", line 734, in _execute_callable
    return ExecutionCallableRunner(
           ^^^^^^^^^^^^^^^^^^^^^^^^
  File "/home/airflow/.local/lib/python3.12/site-packages/airflow/utils/operator_helpers.py", line 252, in run
    return self.func(*args, **kwargs)
           ^^^^^^^^^^^^^^^^^^^^^^^^^^
  File "/home/airflow/.local/lib/python3.12/site-packages/airflow/models/baseoperator.py", line 424, in wrapper
    return func(self, *args, **kwargs)
           ^^^^^^^^^^^^^^^^^^^^^^^^^^^
  File "/home/airflow/.local/lib/python3.12/site-packages/airflow/operators/bash.py", line 276, in execute
    raise AirflowException(
airflow.exceptions.AirflowException: Bash command failed. The command returned a non-zero exit code 2.
[2026-03-25T18:55:16.751+0000] {local_task_job_runner.py:266} INFO - Task exited with return code 1
[2026-03-25T18:55:16.767+0000] {taskinstance.py:3901} INFO - 0 downstream tasks scheduled from follow-on schedule check
[2026-03-25T18:55:16.771+0000] {local_task_job_runner.py:245} INFO - ::endgroup::
