[2026-03-27T01:47:06.134+0000] {local_task_job_runner.py:123} INFO - ::group::Pre task execution logs
[2026-03-27T01:47:06.153+0000] {taskinstance.py:2614} INFO - Dependencies all met for dep_context=non-requeueable deps ti=<TaskInstance: healthcare_pipeline.consume_encounter_events manual__2026-03-27T01:46:22.234260+00:00 [queued]>
[2026-03-27T01:47:06.159+0000] {taskinstance.py:2614} INFO - Dependencies all met for dep_context=requeueable deps ti=<TaskInstance: healthcare_pipeline.consume_encounter_events manual__2026-03-27T01:46:22.234260+00:00 [queued]>
[2026-03-27T01:47:06.162+0000] {taskinstance.py:2867} INFO - Starting attempt 1 of 1
[2026-03-27T01:47:06.172+0000] {taskinstance.py:2890} INFO - Executing <Task(BashOperator): consume_encounter_events> on 2026-03-27 01:46:22.234260+00:00
[2026-03-27T01:47:06.178+0000] {standard_task_runner.py:104} INFO - Running: ['***', 'tasks', 'run', 'healthcare_pipeline', 'consume_encounter_events', 'manual__2026-03-27T01:46:22.234260+00:00', '--job-id', '3', '--raw', '--subdir', 'DAGS_FOLDER/healthcare_pipeline_dag.py', '--cfg-path', '/tmp/tmpk60eecfa']
[2026-03-27T01:47:06.180+0000] {logging_mixin.py:190} WARNING - /home/***/.local/lib/python3.12/site-packages/***/task/task_runner/standard_task_runner.py:70 DeprecationWarning: This process (pid=209) is multi-threaded, use of fork() may lead to deadlocks in the child.
[2026-03-27T01:47:06.179+0000] {standard_task_runner.py:105} INFO - Job 3: Subtask consume_encounter_events
[2026-03-27T01:47:06.180+0000] {standard_task_runner.py:72} INFO - Started process 210 to run task
[2026-03-27T01:47:06.217+0000] {task_command.py:467} INFO - Running <TaskInstance: healthcare_pipeline.consume_encounter_events manual__2026-03-27T01:46:22.234260+00:00 [running]> on host 74685c193276
[2026-03-27T01:47:06.271+0000] {taskinstance.py:3134} INFO - Exporting env vars: AIRFLOW_CTX_DAG_OWNER='sanjay' AIRFLOW_CTX_DAG_ID='healthcare_pipeline' AIRFLOW_CTX_TASK_ID='consume_encounter_events' AIRFLOW_CTX_EXECUTION_DATE='2026-03-27T01:46:22.234260+00:00' AIRFLOW_CTX_TRY_NUMBER='1' AIRFLOW_CTX_DAG_RUN_ID='manual__2026-03-27T01:46:22.234260+00:00'
[2026-03-27T01:47:06.275+0000] {logging_mixin.py:190} WARNING - /home/***/.local/lib/python3.12/site-packages/***/providers/openlineage/utils/utils.py:284 AirflowProviderDeprecationWarning: Call to deprecated class UnknownOperatorAttributeRunFacet. (To be removed in the next release. Make sure to use information from AirflowRunFacet instead.)
[2026-03-27T01:47:06.277+0000] {logging_mixin.py:190} WARNING - /home/***/.local/lib/python3.12/site-packages/***/providers/openlineage/plugins/adapter.py:81 DeprecationWarning: Using `from_dict` to set transport is deprecated. Use `config` parameter to fully configure OpenLineageClient.
[2026-03-27T01:47:06.278+0000] {client.py:110} INFO - OpenLineageClient will use `http` transport
[2026-03-27T01:47:06.331+0000] {taskinstance.py:732} INFO - ::endgroup::
[2026-03-27T01:47:06.342+0000] {subprocess.py:78} INFO - Tmp dir root location: /tmp
[2026-03-27T01:47:06.343+0000] {subprocess.py:88} INFO - Running command: ['/usr/bin/bash', '-c', '\n        cd /opt/project/pyspark &&         timeout 60 python stream_encounters_from_kafka.py\n        ']
[2026-03-27T01:47:06.352+0000] {subprocess.py:99} INFO - Output:
[2026-03-27T01:47:06.933+0000] {subprocess.py:106} INFO - /home/***/.local/lib/python3.12/site-packages/pyspark/bin/load-spark-env.sh: line 68: ps: command not found
[2026-03-27T01:47:08.761+0000] {subprocess.py:106} INFO - :: loading settings :: url = jar:file:/home/***/.local/lib/python3.12/site-packages/pyspark/jars/ivy-2.5.1.jar!/org/apache/ivy/core/settings/ivysettings.xml
[2026-03-27T01:47:08.851+0000] {subprocess.py:106} INFO - Ivy Default Cache set to: /home/***/.ivy2/cache
[2026-03-27T01:47:08.852+0000] {subprocess.py:106} INFO - The jars for the packages stored in: /home/***/.ivy2/jars
[2026-03-27T01:47:08.855+0000] {subprocess.py:106} INFO - org.apache.spark#spark-sql-kafka-0-10_2.12 added as a dependency
[2026-03-27T01:47:08.856+0000] {subprocess.py:106} INFO - :: resolving dependencies :: org.apache.spark#spark-submit-parent-4df544d7-12e5-4fdc-b0d1-8493e740b72b;1.0
[2026-03-27T01:47:08.857+0000] {subprocess.py:106} INFO - 	confs: [default]
[2026-03-27T01:47:10.725+0000] {subprocess.py:106} INFO - 	found org.apache.spark#spark-sql-kafka-0-10_2.12;3.5.1 in central
[2026-03-27T01:47:11.010+0000] {subprocess.py:106} INFO - 	found org.apache.spark#spark-token-provider-kafka-0-10_2.12;3.5.1 in central
[2026-03-27T01:47:11.231+0000] {subprocess.py:106} INFO - 	found org.apache.kafka#kafka-clients;3.4.1 in central
[2026-03-27T01:47:11.446+0000] {subprocess.py:106} INFO - 	found org.lz4#lz4-java;1.8.0 in central
[2026-03-27T01:47:11.649+0000] {subprocess.py:106} INFO - 	found org.xerial.snappy#snappy-java;1.1.10.3 in central
[2026-03-27T01:47:12.240+0000] {subprocess.py:106} INFO - 	found org.slf4j#slf4j-api;2.0.7 in central
[2026-03-27T01:47:13.138+0000] {subprocess.py:106} INFO - 	found org.apache.hadoop#hadoop-client-runtime;3.3.4 in central
[2026-03-27T01:47:13.300+0000] {subprocess.py:106} INFO - 	found org.apache.hadoop#hadoop-client-api;3.3.4 in central
[2026-03-27T01:47:14.201+0000] {subprocess.py:106} INFO - 	found commons-logging#commons-logging;1.1.3 in central
[2026-03-27T01:47:14.330+0000] {subprocess.py:106} INFO - 	found com.google.code.findbugs#jsr305;3.0.0 in central
[2026-03-27T01:47:15.423+0000] {subprocess.py:106} INFO - 	found org.apache.commons#commons-pool2;2.11.1 in central
[2026-03-27T01:47:15.485+0000] {subprocess.py:106} INFO - downloading https://repo1.maven.org/maven2/org/apache/spark/spark-sql-kafka-0-10_2.12/3.5.1/spark-sql-kafka-0-10_2.12-3.5.1.jar ...
[2026-03-27T01:47:15.682+0000] {subprocess.py:106} INFO - 	[SUCCESSFUL ] org.apache.spark#spark-sql-kafka-0-10_2.12;3.5.1!spark-sql-kafka-0-10_2.12.jar (253ms)
[2026-03-27T01:47:15.729+0000] {subprocess.py:106} INFO - downloading https://repo1.maven.org/maven2/org/apache/spark/spark-token-provider-kafka-0-10_2.12/3.5.1/spark-token-provider-kafka-0-10_2.12-3.5.1.jar ...
[2026-03-27T01:47:15.783+0000] {subprocess.py:106} INFO - 	[SUCCESSFUL ] org.apache.spark#spark-token-provider-kafka-0-10_2.12;3.5.1!spark-token-provider-kafka-0-10_2.12.jar (101ms)
[2026-03-27T01:47:15.834+0000] {subprocess.py:106} INFO - downloading https://repo1.maven.org/maven2/org/apache/kafka/kafka-clients/3.4.1/kafka-clients-3.4.1.jar ...
[2026-03-27T01:47:16.169+0000] {subprocess.py:106} INFO - 	[SUCCESSFUL ] org.apache.kafka#kafka-clients;3.4.1!kafka-clients.jar (385ms)
[2026-03-27T01:47:16.221+0000] {subprocess.py:106} INFO - downloading https://repo1.maven.org/maven2/com/google/code/findbugs/jsr305/3.0.0/jsr305-3.0.0.jar ...
[2026-03-27T01:47:16.273+0000] {subprocess.py:106} INFO - 	[SUCCESSFUL ] com.google.code.findbugs#jsr305;3.0.0!jsr305.jar (102ms)
[2026-03-27T01:47:16.319+0000] {subprocess.py:106} INFO - downloading https://repo1.maven.org/maven2/org/apache/commons/commons-pool2/2.11.1/commons-pool2-2.11.1.jar ...
[2026-03-27T01:47:16.376+0000] {subprocess.py:106} INFO - 	[SUCCESSFUL ] org.apache.commons#commons-pool2;2.11.1!commons-pool2.jar (102ms)
[2026-03-27T01:47:16.429+0000] {subprocess.py:106} INFO - downloading https://repo1.maven.org/maven2/org/apache/hadoop/hadoop-client-runtime/3.3.4/hadoop-client-runtime-3.3.4.jar ...
[2026-03-27T01:47:17.856+0000] {subprocess.py:106} INFO - 	[SUCCESSFUL ] org.apache.hadoop#hadoop-client-runtime;3.3.4!hadoop-client-runtime.jar (1479ms)
[2026-03-27T01:47:17.918+0000] {subprocess.py:106} INFO - downloading https://repo1.maven.org/maven2/org/lz4/lz4-java/1.8.0/lz4-java-1.8.0.jar ...
[2026-03-27T01:47:17.994+0000] {subprocess.py:106} INFO - 	[SUCCESSFUL ] org.lz4#lz4-java;1.8.0!lz4-java.jar (137ms)
[2026-03-27T01:47:18.051+0000] {subprocess.py:106} INFO - downloading https://repo1.maven.org/maven2/org/xerial/snappy/snappy-java/1.1.10.3/snappy-java-1.1.10.3.jar ...
[2026-03-27T01:47:18.173+0000] {subprocess.py:106} INFO - 	[SUCCESSFUL ] org.xerial.snappy#snappy-java;1.1.10.3!snappy-java.jar(bundle) (178ms)
[2026-03-27T01:47:18.225+0000] {subprocess.py:106} INFO - downloading https://repo1.maven.org/maven2/org/slf4j/slf4j-api/2.0.7/slf4j-api-2.0.7.jar ...
[2026-03-27T01:47:18.274+0000] {subprocess.py:106} INFO - 	[SUCCESSFUL ] org.slf4j#slf4j-api;2.0.7!slf4j-api.jar (100ms)
[2026-03-27T01:47:18.330+0000] {subprocess.py:106} INFO - downloading https://repo1.maven.org/maven2/org/apache/hadoop/hadoop-client-api/3.3.4/hadoop-client-api-3.3.4.jar ...
[2026-03-27T01:47:19.148+0000] {subprocess.py:106} INFO - 	[SUCCESSFUL ] org.apache.hadoop#hadoop-client-api;3.3.4!hadoop-client-api.jar (874ms)
[2026-03-27T01:47:19.205+0000] {subprocess.py:106} INFO - downloading https://repo1.maven.org/maven2/commons-logging/commons-logging/1.1.3/commons-logging-1.1.3.jar ...
[2026-03-27T01:47:19.289+0000] {subprocess.py:106} INFO - 	[SUCCESSFUL ] commons-logging#commons-logging;1.1.3!commons-logging.jar (140ms)
[2026-03-27T01:47:19.290+0000] {subprocess.py:106} INFO - :: resolution report :: resolve 6572ms :: artifacts dl 3862ms
[2026-03-27T01:47:19.290+0000] {subprocess.py:106} INFO - 	:: modules in use:
[2026-03-27T01:47:19.291+0000] {subprocess.py:106} INFO - 	com.google.code.findbugs#jsr305;3.0.0 from central in [default]
[2026-03-27T01:47:19.291+0000] {subprocess.py:106} INFO - 	commons-logging#commons-logging;1.1.3 from central in [default]
[2026-03-27T01:47:19.291+0000] {subprocess.py:106} INFO - 	org.apache.commons#commons-pool2;2.11.1 from central in [default]
[2026-03-27T01:47:19.292+0000] {subprocess.py:106} INFO - 	org.apache.hadoop#hadoop-client-api;3.3.4 from central in [default]
[2026-03-27T01:47:19.292+0000] {subprocess.py:106} INFO - 	org.apache.hadoop#hadoop-client-runtime;3.3.4 from central in [default]
[2026-03-27T01:47:19.292+0000] {subprocess.py:106} INFO - 	org.apache.kafka#kafka-clients;3.4.1 from central in [default]
[2026-03-27T01:47:19.293+0000] {subprocess.py:106} INFO - 	org.apache.spark#spark-sql-kafka-0-10_2.12;3.5.1 from central in [default]
[2026-03-27T01:47:19.293+0000] {subprocess.py:106} INFO - 	org.apache.spark#spark-token-provider-kafka-0-10_2.12;3.5.1 from central in [default]
[2026-03-27T01:47:19.293+0000] {subprocess.py:106} INFO - 	org.lz4#lz4-java;1.8.0 from central in [default]
[2026-03-27T01:47:19.294+0000] {subprocess.py:106} INFO - 	org.slf4j#slf4j-api;2.0.7 from central in [default]
[2026-03-27T01:47:19.294+0000] {subprocess.py:106} INFO - 	org.xerial.snappy#snappy-java;1.1.10.3 from central in [default]
[2026-03-27T01:47:19.294+0000] {subprocess.py:106} INFO - 	---------------------------------------------------------------------
[2026-03-27T01:47:19.295+0000] {subprocess.py:106} INFO - 	|                  |            modules            ||   artifacts   |
[2026-03-27T01:47:19.295+0000] {subprocess.py:106} INFO - 	|       conf       | number| search|dwnlded|evicted|| number|dwnlded|
[2026-03-27T01:47:19.296+0000] {subprocess.py:106} INFO - 	---------------------------------------------------------------------
[2026-03-27T01:47:19.296+0000] {subprocess.py:106} INFO - 	|      default     |   11  |   11  |   11  |   0   ||   11  |   11  |
[2026-03-27T01:47:19.297+0000] {subprocess.py:106} INFO - 	---------------------------------------------------------------------
[2026-03-27T01:47:19.297+0000] {subprocess.py:106} INFO - :: retrieving :: org.apache.spark#spark-submit-parent-4df544d7-12e5-4fdc-b0d1-8493e740b72b
[2026-03-27T01:47:19.297+0000] {subprocess.py:106} INFO - 	confs: [default]
[2026-03-27T01:47:19.378+0000] {subprocess.py:106} INFO - 	11 artifacts copied, 0 already retrieved (56767kB/85ms)
[2026-03-27T01:47:19.581+0000] {subprocess.py:106} INFO - 26/03/27 01:47:19 WARN NativeCodeLoader: Unable to load native-hadoop library for your platform... using builtin-java classes where applicable
[2026-03-27T01:47:19.814+0000] {subprocess.py:106} INFO - Setting default log level to "WARN".
[2026-03-27T01:47:19.815+0000] {subprocess.py:106} INFO - To adjust logging level use sc.setLogLevel(newLevel). For SparkR, use setLogLevel(newLevel).
[2026-03-27T01:47:24.016+0000] {subprocess.py:106} INFO - 26/03/27 01:47:24 WARN ResolveWriteToStream: spark.sql.adaptive.enabled is not supported in streaming DataFrames/Datasets and will be disabled.
[2026-03-27T01:47:24.490+0000] {subprocess.py:106} INFO - 26/03/27 01:47:24 WARN AdminClientConfig: These configurations '[key.deserializer, value.deserializer, enable.auto.commit, max.poll.records, auto.offset.reset]' were supplied but are not used yet.
[2026-03-27T01:47:25.844+0000] {subprocess.py:110} INFO - Command exited with return code 0
[2026-03-27T01:47:25.873+0000] {taskinstance.py:341} INFO - ::group::Post task execution logs
[2026-03-27T01:47:25.874+0000] {taskinstance.py:353} INFO - Marking task as SUCCESS. dag_id=healthcare_pipeline, task_id=consume_encounter_events, run_id=manual__2026-03-27T01:46:22.234260+00:00, execution_date=20260327T014622, start_date=20260327T014706, end_date=20260327T014725
[2026-03-27T01:47:26.054+0000] {local_task_job_runner.py:266} INFO - Task exited with return code 0
[2026-03-27T01:47:26.082+0000] {taskinstance.py:3901} INFO - 1 downstream tasks scheduled from follow-on schedule check
[2026-03-27T01:47:26.085+0000] {local_task_job_runner.py:245} INFO - ::endgroup::
