[2026-03-26T21:13:57.363+0000] {local_task_job_runner.py:123} INFO - ::group::Pre task execution logs
[2026-03-26T21:13:57.392+0000] {taskinstance.py:2614} INFO - Dependencies all met for dep_context=non-requeueable deps ti=<TaskInstance: healthcare_pipeline.consume_encounter_events manual__2026-03-26T21:13:06.789372+00:00 [queued]>
[2026-03-26T21:13:57.404+0000] {taskinstance.py:2614} INFO - Dependencies all met for dep_context=requeueable deps ti=<TaskInstance: healthcare_pipeline.consume_encounter_events manual__2026-03-26T21:13:06.789372+00:00 [queued]>
[2026-03-26T21:13:57.405+0000] {taskinstance.py:2867} INFO - Starting attempt 1 of 1
[2026-03-26T21:13:57.417+0000] {taskinstance.py:2890} INFO - Executing <Task(BashOperator): consume_encounter_events> on 2026-03-26 21:13:06.789372+00:00
[2026-03-26T21:13:57.425+0000] {logging_mixin.py:190} WARNING - /home/***/.local/lib/python3.12/site-packages/***/task/task_runner/standard_task_runner.py:70 DeprecationWarning: This process (pid=268) is multi-threaded, use of fork() may lead to deadlocks in the child.
[2026-03-26T21:13:57.424+0000] {standard_task_runner.py:104} INFO - Running: ['***', 'tasks', 'run', 'healthcare_pipeline', 'consume_encounter_events', 'manual__2026-03-26T21:13:06.789372+00:00', '--job-id', '3', '--raw', '--subdir', 'DAGS_FOLDER/healthcare_pipeline_dag.py', '--cfg-path', '/tmp/tmpv8yjbmse']
[2026-03-26T21:13:57.426+0000] {standard_task_runner.py:72} INFO - Started process 269 to run task
[2026-03-26T21:13:57.427+0000] {standard_task_runner.py:105} INFO - Job 3: Subtask consume_encounter_events
[2026-03-26T21:13:57.467+0000] {task_command.py:467} INFO - Running <TaskInstance: healthcare_pipeline.consume_encounter_events manual__2026-03-26T21:13:06.789372+00:00 [running]> on host 0a8b97380ae1
[2026-03-26T21:13:57.534+0000] {taskinstance.py:3134} INFO - Exporting env vars: AIRFLOW_CTX_DAG_OWNER='sanjay' AIRFLOW_CTX_DAG_ID='healthcare_pipeline' AIRFLOW_CTX_TASK_ID='consume_encounter_events' AIRFLOW_CTX_EXECUTION_DATE='2026-03-26T21:13:06.789372+00:00' AIRFLOW_CTX_TRY_NUMBER='1' AIRFLOW_CTX_DAG_RUN_ID='manual__2026-03-26T21:13:06.789372+00:00'
[2026-03-26T21:13:57.541+0000] {logging_mixin.py:190} WARNING - /home/***/.local/lib/python3.12/site-packages/***/providers/openlineage/utils/utils.py:284 AirflowProviderDeprecationWarning: Call to deprecated class UnknownOperatorAttributeRunFacet. (To be removed in the next release. Make sure to use information from AirflowRunFacet instead.)
[2026-03-26T21:13:57.543+0000] {logging_mixin.py:190} WARNING - /home/***/.local/lib/python3.12/site-packages/***/providers/openlineage/plugins/adapter.py:81 DeprecationWarning: Using `from_dict` to set transport is deprecated. Use `config` parameter to fully configure OpenLineageClient.
[2026-03-26T21:13:57.544+0000] {client.py:110} INFO - OpenLineageClient will use `http` transport
[2026-03-26T21:14:01.466+0000] {adapter.py:146} WARNING - Failed to emit OpenLineage event of id 56311e86-c334-3a16-828e-b0c95297de3e
[2026-03-26T21:14:01.468+0000] {taskinstance.py:732} INFO - ::endgroup::
[2026-03-26T21:14:01.479+0000] {subprocess.py:78} INFO - Tmp dir root location: /tmp
[2026-03-26T21:14:01.481+0000] {subprocess.py:88} INFO - Running command: ['/usr/bin/bash', '-c', '\n        cd /opt/project/pyspark &&         timeout 60 python stream_encounters_from_kafka.py\n        ']
[2026-03-26T21:14:01.489+0000] {subprocess.py:99} INFO - Output:
[2026-03-26T21:14:02.144+0000] {subprocess.py:106} INFO - /home/***/.local/lib/python3.12/site-packages/pyspark/bin/load-spark-env.sh: line 68: ps: command not found
[2026-03-26T21:14:05.183+0000] {subprocess.py:106} INFO - :: loading settings :: url = jar:file:/home/***/.local/lib/python3.12/site-packages/pyspark/jars/ivy-2.5.1.jar!/org/apache/ivy/core/settings/ivysettings.xml
[2026-03-26T21:14:05.361+0000] {subprocess.py:106} INFO - Ivy Default Cache set to: /home/***/.ivy2/cache
[2026-03-26T21:14:05.365+0000] {subprocess.py:106} INFO - The jars for the packages stored in: /home/***/.ivy2/jars
[2026-03-26T21:14:05.368+0000] {subprocess.py:106} INFO - org.apache.spark#spark-sql-kafka-0-10_2.12 added as a dependency
[2026-03-26T21:14:05.370+0000] {subprocess.py:106} INFO - :: resolving dependencies :: org.apache.spark#spark-submit-parent-6f6bd914-1e26-4273-b8db-5a34e144a104;1.0
[2026-03-26T21:14:05.372+0000] {subprocess.py:106} INFO - 	confs: [default]
[2026-03-26T21:14:17.659+0000] {subprocess.py:106} INFO - 	found org.apache.spark#spark-sql-kafka-0-10_2.12;3.5.1 in central
[2026-03-26T21:14:17.932+0000] {subprocess.py:106} INFO - 	found org.apache.spark#spark-token-provider-kafka-0-10_2.12;3.5.1 in central
[2026-03-26T21:14:18.171+0000] {subprocess.py:106} INFO - 	found org.apache.kafka#kafka-clients;3.4.1 in central
[2026-03-26T21:14:18.382+0000] {subprocess.py:106} INFO - 	found org.lz4#lz4-java;1.8.0 in central
[2026-03-26T21:14:18.616+0000] {subprocess.py:106} INFO - 	found org.xerial.snappy#snappy-java;1.1.10.3 in central
[2026-03-26T21:14:19.290+0000] {subprocess.py:106} INFO - 	found org.slf4j#slf4j-api;2.0.7 in central
[2026-03-26T21:14:20.128+0000] {subprocess.py:106} INFO - 	found org.apache.hadoop#hadoop-client-runtime;3.3.4 in central
[2026-03-26T21:14:19.602+0000] {subprocess.py:106} INFO - 	found org.apache.hadoop#hadoop-client-api;3.3.4 in central
[2026-03-26T21:14:25.680+0000] {subprocess.py:106} INFO - 	found commons-logging#commons-logging;1.1.3 in central
[2026-03-26T21:14:25.817+0000] {subprocess.py:106} INFO - 	found com.google.code.findbugs#jsr305;3.0.0 in central
[2026-03-26T21:14:27.183+0000] {subprocess.py:106} INFO - 	found org.apache.commons#commons-pool2;2.11.1 in central
[2026-03-26T21:14:27.249+0000] {subprocess.py:106} INFO - downloading https://repo1.maven.org/maven2/org/apache/spark/spark-sql-kafka-0-10_2.12/3.5.1/spark-sql-kafka-0-10_2.12-3.5.1.jar ...
[2026-03-26T21:14:27.496+0000] {subprocess.py:106} INFO - 	[SUCCESSFUL ] org.apache.spark#spark-sql-kafka-0-10_2.12;3.5.1!spark-sql-kafka-0-10_2.12.jar (307ms)
[2026-03-26T21:14:27.574+0000] {subprocess.py:106} INFO - downloading https://repo1.maven.org/maven2/org/apache/spark/spark-token-provider-kafka-0-10_2.12/3.5.1/spark-token-provider-kafka-0-10_2.12-3.5.1.jar ...
[2026-03-26T21:14:27.633+0000] {subprocess.py:106} INFO - 	[SUCCESSFUL ] org.apache.spark#spark-token-provider-kafka-0-10_2.12;3.5.1!spark-token-provider-kafka-0-10_2.12.jar (130ms)
[2026-03-26T21:14:27.688+0000] {subprocess.py:106} INFO - downloading https://repo1.maven.org/maven2/org/apache/kafka/kafka-clients/3.4.1/kafka-clients-3.4.1.jar ...
[2026-03-26T21:14:28.561+0000] {subprocess.py:106} INFO - 	[SUCCESSFUL ] org.apache.kafka#kafka-clients;3.4.1!kafka-clients.jar (927ms)
[2026-03-26T21:14:28.622+0000] {subprocess.py:106} INFO - downloading https://repo1.maven.org/maven2/com/google/code/findbugs/jsr305/3.0.0/jsr305-3.0.0.jar ...
[2026-03-26T21:14:28.679+0000] {subprocess.py:106} INFO - 	[SUCCESSFUL ] com.google.code.findbugs#jsr305;3.0.0!jsr305.jar (116ms)
[2026-03-26T21:14:28.731+0000] {subprocess.py:106} INFO - downloading https://repo1.maven.org/maven2/org/apache/commons/commons-pool2/2.11.1/commons-pool2-2.11.1.jar ...
[2026-03-26T21:14:28.812+0000] {subprocess.py:106} INFO - 	[SUCCESSFUL ] org.apache.commons#commons-pool2;2.11.1!commons-pool2.jar (130ms)
[2026-03-26T21:14:28.862+0000] {subprocess.py:106} INFO - downloading https://repo1.maven.org/maven2/org/apache/hadoop/hadoop-client-runtime/3.3.4/hadoop-client-runtime-3.3.4.jar ...
[2026-03-26T21:14:31.508+0000] {subprocess.py:106} INFO - 	[SUCCESSFUL ] org.apache.hadoop#hadoop-client-runtime;3.3.4!hadoop-client-runtime.jar (2696ms)
[2026-03-26T21:14:31.565+0000] {subprocess.py:106} INFO - downloading https://repo1.maven.org/maven2/org/lz4/lz4-java/1.8.0/lz4-java-1.8.0.jar ...
[2026-03-26T21:14:31.647+0000] {subprocess.py:106} INFO - 	[SUCCESSFUL ] org.lz4#lz4-java;1.8.0!lz4-java.jar (137ms)
[2026-03-26T21:14:31.699+0000] {subprocess.py:106} INFO - downloading https://repo1.maven.org/maven2/org/xerial/snappy/snappy-java/1.1.10.3/snappy-java-1.1.10.3.jar ...
[2026-03-26T21:14:31.866+0000] {subprocess.py:106} INFO - 	[SUCCESSFUL ] org.xerial.snappy#snappy-java;1.1.10.3!snappy-java.jar(bundle) (219ms)
[2026-03-26T21:14:31.920+0000] {subprocess.py:106} INFO - downloading https://repo1.maven.org/maven2/org/slf4j/slf4j-api/2.0.7/slf4j-api-2.0.7.jar ...
[2026-03-26T21:14:31.975+0000] {subprocess.py:106} INFO - 	[SUCCESSFUL ] org.slf4j#slf4j-api;2.0.7!slf4j-api.jar (108ms)
[2026-03-26T21:14:32.036+0000] {subprocess.py:106} INFO - downloading https://repo1.maven.org/maven2/org/apache/hadoop/hadoop-client-api/3.3.4/hadoop-client-api-3.3.4.jar ...
[2026-03-26T21:14:32.884+0000] {subprocess.py:106} INFO - 	[SUCCESSFUL ] org.apache.hadoop#hadoop-client-api;3.3.4!hadoop-client-api.jar (908ms)
[2026-03-26T21:14:32.938+0000] {subprocess.py:106} INFO - downloading https://repo1.maven.org/maven2/commons-logging/commons-logging/1.1.3/commons-logging-1.1.3.jar ...
[2026-03-26T21:14:32.992+0000] {subprocess.py:106} INFO - 	[SUCCESSFUL ] commons-logging#commons-logging;1.1.3!commons-logging.jar (106ms)
[2026-03-26T21:14:32.992+0000] {subprocess.py:106} INFO - :: resolution report :: resolve 21820ms :: artifacts dl 5803ms
[2026-03-26T21:14:32.993+0000] {subprocess.py:106} INFO - 	:: modules in use:
[2026-03-26T21:14:32.993+0000] {subprocess.py:106} INFO - 	com.google.code.findbugs#jsr305;3.0.0 from central in [default]
[2026-03-26T21:14:32.993+0000] {subprocess.py:106} INFO - 	commons-logging#commons-logging;1.1.3 from central in [default]
[2026-03-26T21:14:32.994+0000] {subprocess.py:106} INFO - 	org.apache.commons#commons-pool2;2.11.1 from central in [default]
[2026-03-26T21:14:32.994+0000] {subprocess.py:106} INFO - 	org.apache.hadoop#hadoop-client-api;3.3.4 from central in [default]
[2026-03-26T21:14:32.995+0000] {subprocess.py:106} INFO - 	org.apache.hadoop#hadoop-client-runtime;3.3.4 from central in [default]
[2026-03-26T21:14:32.995+0000] {subprocess.py:106} INFO - 	org.apache.kafka#kafka-clients;3.4.1 from central in [default]
[2026-03-26T21:14:32.995+0000] {subprocess.py:106} INFO - 	org.apache.spark#spark-sql-kafka-0-10_2.12;3.5.1 from central in [default]
[2026-03-26T21:14:32.996+0000] {subprocess.py:106} INFO - 	org.apache.spark#spark-token-provider-kafka-0-10_2.12;3.5.1 from central in [default]
[2026-03-26T21:14:32.996+0000] {subprocess.py:106} INFO - 	org.lz4#lz4-java;1.8.0 from central in [default]
[2026-03-26T21:14:32.996+0000] {subprocess.py:106} INFO - 	org.slf4j#slf4j-api;2.0.7 from central in [default]
[2026-03-26T21:14:32.996+0000] {subprocess.py:106} INFO - 	org.xerial.snappy#snappy-java;1.1.10.3 from central in [default]
[2026-03-26T21:14:32.997+0000] {subprocess.py:106} INFO - 	---------------------------------------------------------------------
[2026-03-26T21:14:32.997+0000] {subprocess.py:106} INFO - 	|                  |            modules            ||   artifacts   |
[2026-03-26T21:14:32.997+0000] {subprocess.py:106} INFO - 	|       conf       | number| search|dwnlded|evicted|| number|dwnlded|
[2026-03-26T21:14:32.998+0000] {subprocess.py:106} INFO - 	---------------------------------------------------------------------
[2026-03-26T21:14:32.998+0000] {subprocess.py:106} INFO - 	|      default     |   11  |   11  |   11  |   0   ||   11  |   11  |
[2026-03-26T21:14:32.998+0000] {subprocess.py:106} INFO - 	---------------------------------------------------------------------
[2026-03-26T21:14:32.999+0000] {subprocess.py:106} INFO - :: retrieving :: org.apache.spark#spark-submit-parent-6f6bd914-1e26-4273-b8db-5a34e144a104
[2026-03-26T21:14:32.999+0000] {subprocess.py:106} INFO - 	confs: [default]
[2026-03-26T21:14:33.406+0000] {subprocess.py:106} INFO - 	11 artifacts copied, 0 already retrieved (56767kB/409ms)
[2026-03-26T21:14:33.693+0000] {subprocess.py:106} INFO - 26/03/26 21:14:33 WARN NativeCodeLoader: Unable to load native-hadoop library for your platform... using builtin-java classes where applicable
[2026-03-26T21:14:33.968+0000] {subprocess.py:106} INFO - Setting default log level to "WARN".
[2026-03-26T21:14:33.969+0000] {subprocess.py:106} INFO - To adjust logging level use sc.setLogLevel(newLevel). For SparkR, use setLogLevel(newLevel).
[2026-03-26T21:14:40.801+0000] {subprocess.py:106} INFO - 26/03/26 21:14:40 WARN ResolveWriteToStream: spark.sql.adaptive.enabled is not supported in streaming DataFrames/Datasets and will be disabled.
[2026-03-26T21:14:41.509+0000] {subprocess.py:106} INFO - 26/03/26 21:14:41 WARN AdminClientConfig: These configurations '[key.deserializer, value.deserializer, enable.auto.commit, max.poll.records, auto.offset.reset]' were supplied but are not used yet.
[2026-03-26T21:14:43.404+0000] {subprocess.py:110} INFO - Command exited with return code 0
[2026-03-26T21:14:43.433+0000] {taskinstance.py:341} INFO - ::group::Post task execution logs
[2026-03-26T21:14:43.434+0000] {taskinstance.py:353} INFO - Marking task as SUCCESS. dag_id=healthcare_pipeline, task_id=consume_encounter_events, run_id=manual__2026-03-26T21:13:06.789372+00:00, execution_date=20260326T211306, start_date=20260326T211357, end_date=20260326T211443
[2026-03-26T21:14:50.578+0000] {adapter.py:146} WARNING - Failed to emit OpenLineage event of id 56311e86-c334-3a16-828e-b0c95297de3e
[2026-03-26T21:14:50.623+0000] {local_task_job_runner.py:266} INFO - Task exited with return code 0
[2026-03-26T21:14:50.644+0000] {taskinstance.py:3901} INFO - 0 downstream tasks scheduled from follow-on schedule check
[2026-03-26T21:14:50.646+0000] {local_task_job_runner.py:245} INFO - ::endgroup::
